[2025-03-19T19:43:45.214+0000] {processor.py:186} INFO - Started process (PID=67) to work on /opt/airflow/dags/dag.py
[2025-03-19T19:43:45.215+0000] {processor.py:914} INFO - Processing file /opt/airflow/dags/dag.py for tasks to queue
[2025-03-19T19:43:45.218+0000] {logging_mixin.py:190} INFO - [2025-03-19T19:43:45.217+0000] {dagbag.py:588} INFO - Filling up the DagBag from /opt/airflow/dags/dag.py
[2025-03-19T19:43:45.263+0000] {processor.py:925} INFO - DAG(s) 'extract_f1_drivers_to_s3' retrieved from /opt/airflow/dags/dag.py
[2025-03-19T19:43:45.526+0000] {logging_mixin.py:190} INFO - [2025-03-19T19:43:45.525+0000] {override.py:1912} INFO - Created Permission View: can edit on DAG:extract_f1_drivers_to_s3
[2025-03-19T19:43:45.538+0000] {logging_mixin.py:190} INFO - [2025-03-19T19:43:45.538+0000] {override.py:1912} INFO - Created Permission View: can delete on DAG:extract_f1_drivers_to_s3
[2025-03-19T19:43:45.549+0000] {logging_mixin.py:190} INFO - [2025-03-19T19:43:45.549+0000] {override.py:1912} INFO - Created Permission View: can read on DAG:extract_f1_drivers_to_s3
[2025-03-19T19:43:45.562+0000] {logging_mixin.py:190} INFO - [2025-03-19T19:43:45.561+0000] {override.py:1912} INFO - Created Permission View: can create on DAG Run:extract_f1_drivers_to_s3
[2025-03-19T19:43:45.572+0000] {logging_mixin.py:190} INFO - [2025-03-19T19:43:45.572+0000] {override.py:1912} INFO - Created Permission View: can delete on DAG Run:extract_f1_drivers_to_s3
[2025-03-19T19:43:45.582+0000] {logging_mixin.py:190} INFO - [2025-03-19T19:43:45.581+0000] {override.py:1912} INFO - Created Permission View: menu access on DAG Run:extract_f1_drivers_to_s3
[2025-03-19T19:43:45.593+0000] {logging_mixin.py:190} INFO - [2025-03-19T19:43:45.593+0000] {override.py:1912} INFO - Created Permission View: can read on DAG Run:extract_f1_drivers_to_s3
[2025-03-19T19:43:45.594+0000] {logging_mixin.py:190} INFO - [2025-03-19T19:43:45.594+0000] {dag.py:3239} INFO - Sync 1 DAGs
[2025-03-19T19:43:45.619+0000] {logging_mixin.py:190} INFO - [2025-03-19T19:43:45.619+0000] {dag.py:3262} INFO - Creating ORM DAG for extract_f1_drivers_to_s3
[2025-03-19T19:43:45.633+0000] {logging_mixin.py:190} INFO - [2025-03-19T19:43:45.633+0000] {dag.py:4180} INFO - Setting next_dagrun for extract_f1_drivers_to_s3 to 2025-03-19 00:00:00+00:00, run_after=2025-03-20 00:00:00+00:00
[2025-03-19T19:43:45.666+0000] {processor.py:208} INFO - Processing /opt/airflow/dags/dag.py took 0.462 seconds
[2025-03-19T19:44:15.957+0000] {processor.py:186} INFO - Started process (PID=74) to work on /opt/airflow/dags/dag.py
[2025-03-19T19:44:15.959+0000] {processor.py:914} INFO - Processing file /opt/airflow/dags/dag.py for tasks to queue
[2025-03-19T19:44:15.963+0000] {logging_mixin.py:190} INFO - [2025-03-19T19:44:15.962+0000] {dagbag.py:588} INFO - Filling up the DagBag from /opt/airflow/dags/dag.py
[2025-03-19T19:44:15.994+0000] {processor.py:925} INFO - DAG(s) 'extract_f1_drivers_to_s3' retrieved from /opt/airflow/dags/dag.py
[2025-03-19T19:44:16.029+0000] {logging_mixin.py:190} INFO - [2025-03-19T19:44:16.028+0000] {dag.py:3239} INFO - Sync 1 DAGs
[2025-03-19T19:44:16.071+0000] {logging_mixin.py:190} INFO - [2025-03-19T19:44:16.071+0000] {dag.py:4180} INFO - Setting next_dagrun for extract_f1_drivers_to_s3 to 2025-03-19 00:00:00+00:00, run_after=2025-03-20 00:00:00+00:00
[2025-03-19T19:44:16.117+0000] {processor.py:208} INFO - Processing /opt/airflow/dags/dag.py took 0.168 seconds
[2025-03-19T19:44:46.244+0000] {processor.py:186} INFO - Started process (PID=81) to work on /opt/airflow/dags/dag.py
[2025-03-19T19:44:46.245+0000] {processor.py:914} INFO - Processing file /opt/airflow/dags/dag.py for tasks to queue
[2025-03-19T19:44:46.251+0000] {logging_mixin.py:190} INFO - [2025-03-19T19:44:46.250+0000] {dagbag.py:588} INFO - Filling up the DagBag from /opt/airflow/dags/dag.py
[2025-03-19T19:44:46.293+0000] {processor.py:925} INFO - DAG(s) 'extract_f1_drivers_to_s3' retrieved from /opt/airflow/dags/dag.py
[2025-03-19T19:44:46.343+0000] {logging_mixin.py:190} INFO - [2025-03-19T19:44:46.343+0000] {dag.py:3239} INFO - Sync 1 DAGs
[2025-03-19T19:44:46.401+0000] {logging_mixin.py:190} INFO - [2025-03-19T19:44:46.400+0000] {dag.py:4180} INFO - Setting next_dagrun for extract_f1_drivers_to_s3 to 2025-03-19 00:00:00+00:00, run_after=2025-03-20 00:00:00+00:00
[2025-03-19T19:44:46.454+0000] {processor.py:208} INFO - Processing /opt/airflow/dags/dag.py took 0.221 seconds
[2025-03-19T19:45:16.712+0000] {processor.py:186} INFO - Started process (PID=88) to work on /opt/airflow/dags/dag.py
[2025-03-19T19:45:16.714+0000] {processor.py:914} INFO - Processing file /opt/airflow/dags/dag.py for tasks to queue
[2025-03-19T19:45:16.728+0000] {logging_mixin.py:190} INFO - [2025-03-19T19:45:16.725+0000] {dagbag.py:588} INFO - Filling up the DagBag from /opt/airflow/dags/dag.py
[2025-03-19T19:45:16.768+0000] {processor.py:925} INFO - DAG(s) 'extract_f1_drivers_to_s3' retrieved from /opt/airflow/dags/dag.py
[2025-03-19T19:45:16.812+0000] {logging_mixin.py:190} INFO - [2025-03-19T19:45:16.812+0000] {dag.py:3239} INFO - Sync 1 DAGs
[2025-03-19T19:45:16.854+0000] {logging_mixin.py:190} INFO - [2025-03-19T19:45:16.854+0000] {dag.py:4180} INFO - Setting next_dagrun for extract_f1_drivers_to_s3 to 2025-03-19 00:00:00+00:00, run_after=2025-03-20 00:00:00+00:00
[2025-03-19T19:45:16.903+0000] {processor.py:208} INFO - Processing /opt/airflow/dags/dag.py took 0.200 seconds
[2025-03-19T19:45:47.079+0000] {processor.py:186} INFO - Started process (PID=95) to work on /opt/airflow/dags/dag.py
[2025-03-19T19:45:47.080+0000] {processor.py:914} INFO - Processing file /opt/airflow/dags/dag.py for tasks to queue
[2025-03-19T19:45:47.084+0000] {logging_mixin.py:190} INFO - [2025-03-19T19:45:47.083+0000] {dagbag.py:588} INFO - Filling up the DagBag from /opt/airflow/dags/dag.py
[2025-03-19T19:45:47.114+0000] {processor.py:925} INFO - DAG(s) 'extract_f1_drivers_to_s3' retrieved from /opt/airflow/dags/dag.py
[2025-03-19T19:45:47.148+0000] {logging_mixin.py:190} INFO - [2025-03-19T19:45:47.147+0000] {dag.py:3239} INFO - Sync 1 DAGs
[2025-03-19T19:45:47.182+0000] {logging_mixin.py:190} INFO - [2025-03-19T19:45:47.182+0000] {dag.py:4180} INFO - Setting next_dagrun for extract_f1_drivers_to_s3 to 2025-03-19 00:00:00+00:00, run_after=2025-03-20 00:00:00+00:00
[2025-03-19T19:45:47.225+0000] {processor.py:208} INFO - Processing /opt/airflow/dags/dag.py took 0.154 seconds
[2025-03-19T19:46:17.468+0000] {processor.py:186} INFO - Started process (PID=102) to work on /opt/airflow/dags/dag.py
[2025-03-19T19:46:17.470+0000] {processor.py:914} INFO - Processing file /opt/airflow/dags/dag.py for tasks to queue
[2025-03-19T19:46:17.473+0000] {logging_mixin.py:190} INFO - [2025-03-19T19:46:17.473+0000] {dagbag.py:588} INFO - Filling up the DagBag from /opt/airflow/dags/dag.py
[2025-03-19T19:46:17.502+0000] {processor.py:925} INFO - DAG(s) 'extract_f1_drivers_to_s3' retrieved from /opt/airflow/dags/dag.py
[2025-03-19T19:46:17.536+0000] {logging_mixin.py:190} INFO - [2025-03-19T19:46:17.536+0000] {dag.py:3239} INFO - Sync 1 DAGs
[2025-03-19T19:46:17.574+0000] {logging_mixin.py:190} INFO - [2025-03-19T19:46:17.573+0000] {dag.py:4180} INFO - Setting next_dagrun for extract_f1_drivers_to_s3 to 2025-03-19 00:00:00+00:00, run_after=2025-03-20 00:00:00+00:00
[2025-03-19T19:46:17.619+0000] {processor.py:208} INFO - Processing /opt/airflow/dags/dag.py took 0.159 seconds
[2025-03-19T19:46:47.794+0000] {processor.py:186} INFO - Started process (PID=109) to work on /opt/airflow/dags/dag.py
[2025-03-19T19:46:47.795+0000] {processor.py:914} INFO - Processing file /opt/airflow/dags/dag.py for tasks to queue
[2025-03-19T19:46:47.799+0000] {logging_mixin.py:190} INFO - [2025-03-19T19:46:47.798+0000] {dagbag.py:588} INFO - Filling up the DagBag from /opt/airflow/dags/dag.py
[2025-03-19T19:46:47.832+0000] {processor.py:925} INFO - DAG(s) 'extract_f1_drivers_to_s3' retrieved from /opt/airflow/dags/dag.py
[2025-03-19T19:46:47.866+0000] {logging_mixin.py:190} INFO - [2025-03-19T19:46:47.866+0000] {dag.py:3239} INFO - Sync 1 DAGs
[2025-03-19T19:46:47.902+0000] {logging_mixin.py:190} INFO - [2025-03-19T19:46:47.901+0000] {dag.py:4180} INFO - Setting next_dagrun for extract_f1_drivers_to_s3 to 2025-03-19 00:00:00+00:00, run_after=2025-03-20 00:00:00+00:00
[2025-03-19T19:46:47.942+0000] {processor.py:208} INFO - Processing /opt/airflow/dags/dag.py took 0.158 seconds
[2025-03-19T19:47:18.195+0000] {processor.py:186} INFO - Started process (PID=116) to work on /opt/airflow/dags/dag.py
[2025-03-19T19:47:18.196+0000] {processor.py:914} INFO - Processing file /opt/airflow/dags/dag.py for tasks to queue
[2025-03-19T19:47:18.200+0000] {logging_mixin.py:190} INFO - [2025-03-19T19:47:18.200+0000] {dagbag.py:588} INFO - Filling up the DagBag from /opt/airflow/dags/dag.py
[2025-03-19T19:47:18.231+0000] {processor.py:925} INFO - DAG(s) 'extract_f1_drivers_to_s3' retrieved from /opt/airflow/dags/dag.py
[2025-03-19T19:47:18.259+0000] {logging_mixin.py:190} INFO - [2025-03-19T19:47:18.259+0000] {dag.py:3239} INFO - Sync 1 DAGs
[2025-03-19T19:47:18.293+0000] {logging_mixin.py:190} INFO - [2025-03-19T19:47:18.292+0000] {dag.py:4180} INFO - Setting next_dagrun for extract_f1_drivers_to_s3 to 2025-03-19 00:00:00+00:00, run_after=2025-03-20 00:00:00+00:00
[2025-03-19T19:47:18.545+0000] {processor.py:208} INFO - Processing /opt/airflow/dags/dag.py took 0.359 seconds
[2025-03-19T19:47:48.884+0000] {processor.py:186} INFO - Started process (PID=123) to work on /opt/airflow/dags/dag.py
[2025-03-19T19:47:48.885+0000] {processor.py:914} INFO - Processing file /opt/airflow/dags/dag.py for tasks to queue
[2025-03-19T19:47:48.889+0000] {logging_mixin.py:190} INFO - [2025-03-19T19:47:48.888+0000] {dagbag.py:588} INFO - Filling up the DagBag from /opt/airflow/dags/dag.py
[2025-03-19T19:47:48.923+0000] {processor.py:925} INFO - DAG(s) 'extract_f1_drivers_to_s3' retrieved from /opt/airflow/dags/dag.py
[2025-03-19T19:47:48.960+0000] {logging_mixin.py:190} INFO - [2025-03-19T19:47:48.959+0000] {dag.py:3239} INFO - Sync 1 DAGs
[2025-03-19T19:47:49.218+0000] {logging_mixin.py:190} INFO - [2025-03-19T19:47:49.218+0000] {dag.py:4180} INFO - Setting next_dagrun for extract_f1_drivers_to_s3 to 2025-03-19 00:00:00+00:00, run_after=2025-03-20 00:00:00+00:00
[2025-03-19T19:47:49.259+0000] {processor.py:208} INFO - Processing /opt/airflow/dags/dag.py took 0.385 seconds
[2025-03-19T19:48:19.596+0000] {processor.py:186} INFO - Started process (PID=136) to work on /opt/airflow/dags/dag.py
[2025-03-19T19:48:19.598+0000] {processor.py:914} INFO - Processing file /opt/airflow/dags/dag.py for tasks to queue
[2025-03-19T19:48:19.601+0000] {logging_mixin.py:190} INFO - [2025-03-19T19:48:19.601+0000] {dagbag.py:588} INFO - Filling up the DagBag from /opt/airflow/dags/dag.py
[2025-03-19T19:48:19.630+0000] {processor.py:925} INFO - DAG(s) 'extract_f1_drivers_to_s3' retrieved from /opt/airflow/dags/dag.py
[2025-03-19T19:48:19.858+0000] {logging_mixin.py:190} INFO - [2025-03-19T19:48:19.858+0000] {dag.py:3239} INFO - Sync 1 DAGs
[2025-03-19T19:48:19.884+0000] {logging_mixin.py:190} INFO - [2025-03-19T19:48:19.884+0000] {dag.py:4180} INFO - Setting next_dagrun for extract_f1_drivers_to_s3 to 2025-03-19 00:00:00+00:00, run_after=2025-03-20 00:00:00+00:00
[2025-03-19T19:48:19.917+0000] {processor.py:208} INFO - Processing /opt/airflow/dags/dag.py took 0.330 seconds
[2025-03-19T19:48:50.164+0000] {processor.py:186} INFO - Started process (PID=143) to work on /opt/airflow/dags/dag.py
[2025-03-19T19:48:50.166+0000] {processor.py:914} INFO - Processing file /opt/airflow/dags/dag.py for tasks to queue
[2025-03-19T19:48:50.172+0000] {logging_mixin.py:190} INFO - [2025-03-19T19:48:50.171+0000] {dagbag.py:588} INFO - Filling up the DagBag from /opt/airflow/dags/dag.py
[2025-03-19T19:48:50.207+0000] {processor.py:925} INFO - DAG(s) 'extract_f1_drivers_to_s3' retrieved from /opt/airflow/dags/dag.py
[2025-03-19T19:48:50.240+0000] {logging_mixin.py:190} INFO - [2025-03-19T19:48:50.239+0000] {dag.py:3239} INFO - Sync 1 DAGs
[2025-03-19T19:48:50.273+0000] {logging_mixin.py:190} INFO - [2025-03-19T19:48:50.273+0000] {dag.py:4180} INFO - Setting next_dagrun for extract_f1_drivers_to_s3 to 2025-03-19 00:00:00+00:00, run_after=2025-03-20 00:00:00+00:00
[2025-03-19T19:48:50.316+0000] {processor.py:208} INFO - Processing /opt/airflow/dags/dag.py took 0.161 seconds
[2025-03-19T19:49:20.544+0000] {processor.py:186} INFO - Started process (PID=150) to work on /opt/airflow/dags/dag.py
[2025-03-19T19:49:20.545+0000] {processor.py:914} INFO - Processing file /opt/airflow/dags/dag.py for tasks to queue
[2025-03-19T19:49:20.550+0000] {logging_mixin.py:190} INFO - [2025-03-19T19:49:20.549+0000] {dagbag.py:588} INFO - Filling up the DagBag from /opt/airflow/dags/dag.py
[2025-03-19T19:49:20.584+0000] {processor.py:925} INFO - DAG(s) 'extract_f1_drivers_to_s3' retrieved from /opt/airflow/dags/dag.py
[2025-03-19T19:49:20.618+0000] {logging_mixin.py:190} INFO - [2025-03-19T19:49:20.617+0000] {dag.py:3239} INFO - Sync 1 DAGs
[2025-03-19T19:49:20.653+0000] {logging_mixin.py:190} INFO - [2025-03-19T19:49:20.652+0000] {dag.py:4180} INFO - Setting next_dagrun for extract_f1_drivers_to_s3 to 2025-03-19 00:00:00+00:00, run_after=2025-03-20 00:00:00+00:00
[2025-03-19T19:49:20.699+0000] {processor.py:208} INFO - Processing /opt/airflow/dags/dag.py took 0.164 seconds
[2025-03-19T19:49:50.899+0000] {processor.py:186} INFO - Started process (PID=157) to work on /opt/airflow/dags/dag.py
[2025-03-19T19:49:50.901+0000] {processor.py:914} INFO - Processing file /opt/airflow/dags/dag.py for tasks to queue
[2025-03-19T19:49:50.905+0000] {logging_mixin.py:190} INFO - [2025-03-19T19:49:50.905+0000] {dagbag.py:588} INFO - Filling up the DagBag from /opt/airflow/dags/dag.py
[2025-03-19T19:49:50.930+0000] {processor.py:925} INFO - DAG(s) 'extract_f1_drivers_to_s3' retrieved from /opt/airflow/dags/dag.py
[2025-03-19T19:49:50.961+0000] {logging_mixin.py:190} INFO - [2025-03-19T19:49:50.961+0000] {dag.py:3239} INFO - Sync 1 DAGs
[2025-03-19T19:49:50.993+0000] {logging_mixin.py:190} INFO - [2025-03-19T19:49:50.992+0000] {dag.py:4180} INFO - Setting next_dagrun for extract_f1_drivers_to_s3 to 2025-03-19 00:00:00+00:00, run_after=2025-03-20 00:00:00+00:00
[2025-03-19T19:49:51.031+0000] {processor.py:208} INFO - Processing /opt/airflow/dags/dag.py took 0.143 seconds
[2025-03-19T19:50:21.288+0000] {processor.py:186} INFO - Started process (PID=164) to work on /opt/airflow/dags/dag.py
[2025-03-19T19:50:21.290+0000] {processor.py:914} INFO - Processing file /opt/airflow/dags/dag.py for tasks to queue
[2025-03-19T19:50:21.294+0000] {logging_mixin.py:190} INFO - [2025-03-19T19:50:21.293+0000] {dagbag.py:588} INFO - Filling up the DagBag from /opt/airflow/dags/dag.py
[2025-03-19T19:50:21.325+0000] {processor.py:925} INFO - DAG(s) 'extract_f1_drivers_to_s3' retrieved from /opt/airflow/dags/dag.py
[2025-03-19T19:50:21.359+0000] {logging_mixin.py:190} INFO - [2025-03-19T19:50:21.359+0000] {dag.py:3239} INFO - Sync 1 DAGs
[2025-03-19T19:50:21.393+0000] {logging_mixin.py:190} INFO - [2025-03-19T19:50:21.393+0000] {dag.py:4180} INFO - Setting next_dagrun for extract_f1_drivers_to_s3 to 2025-03-19 00:00:00+00:00, run_after=2025-03-20 00:00:00+00:00
[2025-03-19T19:50:21.438+0000] {processor.py:208} INFO - Processing /opt/airflow/dags/dag.py took 0.160 seconds
[2025-03-19T19:50:51.638+0000] {processor.py:186} INFO - Started process (PID=171) to work on /opt/airflow/dags/dag.py
[2025-03-19T19:50:51.640+0000] {processor.py:914} INFO - Processing file /opt/airflow/dags/dag.py for tasks to queue
[2025-03-19T19:50:51.643+0000] {logging_mixin.py:190} INFO - [2025-03-19T19:50:51.643+0000] {dagbag.py:588} INFO - Filling up the DagBag from /opt/airflow/dags/dag.py
[2025-03-19T19:50:51.673+0000] {processor.py:925} INFO - DAG(s) 'extract_f1_drivers_to_s3' retrieved from /opt/airflow/dags/dag.py
[2025-03-19T19:50:51.709+0000] {logging_mixin.py:190} INFO - [2025-03-19T19:50:51.709+0000] {dag.py:3239} INFO - Sync 1 DAGs
[2025-03-19T19:50:51.745+0000] {logging_mixin.py:190} INFO - [2025-03-19T19:50:51.745+0000] {dag.py:4180} INFO - Setting next_dagrun for extract_f1_drivers_to_s3 to 2025-03-19 00:00:00+00:00, run_after=2025-03-20 00:00:00+00:00
[2025-03-19T19:50:51.788+0000] {processor.py:208} INFO - Processing /opt/airflow/dags/dag.py took 0.158 seconds
[2025-03-19T19:51:22.056+0000] {processor.py:186} INFO - Started process (PID=178) to work on /opt/airflow/dags/dag.py
[2025-03-19T19:51:22.057+0000] {processor.py:914} INFO - Processing file /opt/airflow/dags/dag.py for tasks to queue
[2025-03-19T19:51:22.061+0000] {logging_mixin.py:190} INFO - [2025-03-19T19:51:22.060+0000] {dagbag.py:588} INFO - Filling up the DagBag from /opt/airflow/dags/dag.py
[2025-03-19T19:51:22.090+0000] {processor.py:925} INFO - DAG(s) 'extract_f1_drivers_to_s3' retrieved from /opt/airflow/dags/dag.py
[2025-03-19T19:51:22.125+0000] {logging_mixin.py:190} INFO - [2025-03-19T19:51:22.125+0000] {dag.py:3239} INFO - Sync 1 DAGs
[2025-03-19T19:51:22.159+0000] {logging_mixin.py:190} INFO - [2025-03-19T19:51:22.158+0000] {dag.py:4180} INFO - Setting next_dagrun for extract_f1_drivers_to_s3 to 2025-03-19 00:00:00+00:00, run_after=2025-03-20 00:00:00+00:00
[2025-03-19T19:51:22.202+0000] {processor.py:208} INFO - Processing /opt/airflow/dags/dag.py took 0.155 seconds
[2025-03-19T19:51:52.389+0000] {processor.py:186} INFO - Started process (PID=185) to work on /opt/airflow/dags/dag.py
[2025-03-19T19:51:52.391+0000] {processor.py:914} INFO - Processing file /opt/airflow/dags/dag.py for tasks to queue
[2025-03-19T19:51:52.395+0000] {logging_mixin.py:190} INFO - [2025-03-19T19:51:52.394+0000] {dagbag.py:588} INFO - Filling up the DagBag from /opt/airflow/dags/dag.py
[2025-03-19T19:51:52.430+0000] {processor.py:925} INFO - DAG(s) 'extract_f1_drivers_to_s3' retrieved from /opt/airflow/dags/dag.py
[2025-03-19T19:51:52.469+0000] {logging_mixin.py:190} INFO - [2025-03-19T19:51:52.468+0000] {dag.py:3239} INFO - Sync 1 DAGs
[2025-03-19T19:51:52.505+0000] {logging_mixin.py:190} INFO - [2025-03-19T19:51:52.505+0000] {dag.py:4180} INFO - Setting next_dagrun for extract_f1_drivers_to_s3 to 2025-03-19 00:00:00+00:00, run_after=2025-03-20 00:00:00+00:00
[2025-03-19T19:51:52.550+0000] {processor.py:208} INFO - Processing /opt/airflow/dags/dag.py took 0.170 seconds
[2025-03-19T19:52:22.821+0000] {processor.py:186} INFO - Started process (PID=192) to work on /opt/airflow/dags/dag.py
[2025-03-19T19:52:22.823+0000] {processor.py:914} INFO - Processing file /opt/airflow/dags/dag.py for tasks to queue
[2025-03-19T19:52:22.827+0000] {logging_mixin.py:190} INFO - [2025-03-19T19:52:22.826+0000] {dagbag.py:588} INFO - Filling up the DagBag from /opt/airflow/dags/dag.py
[2025-03-19T19:52:22.860+0000] {processor.py:925} INFO - DAG(s) 'extract_f1_drivers_to_s3' retrieved from /opt/airflow/dags/dag.py
[2025-03-19T19:52:22.894+0000] {logging_mixin.py:190} INFO - [2025-03-19T19:52:22.893+0000] {dag.py:3239} INFO - Sync 1 DAGs
[2025-03-19T19:52:22.928+0000] {logging_mixin.py:190} INFO - [2025-03-19T19:52:22.927+0000] {dag.py:4180} INFO - Setting next_dagrun for extract_f1_drivers_to_s3 to 2025-03-19 00:00:00+00:00, run_after=2025-03-20 00:00:00+00:00
[2025-03-19T19:52:22.988+0000] {processor.py:208} INFO - Processing /opt/airflow/dags/dag.py took 0.177 seconds
[2025-03-19T19:52:53.151+0000] {processor.py:186} INFO - Started process (PID=199) to work on /opt/airflow/dags/dag.py
[2025-03-19T19:52:53.152+0000] {processor.py:914} INFO - Processing file /opt/airflow/dags/dag.py for tasks to queue
[2025-03-19T19:52:53.157+0000] {logging_mixin.py:190} INFO - [2025-03-19T19:52:53.156+0000] {dagbag.py:588} INFO - Filling up the DagBag from /opt/airflow/dags/dag.py
[2025-03-19T19:52:53.185+0000] {processor.py:925} INFO - DAG(s) 'extract_f1_drivers_to_s3' retrieved from /opt/airflow/dags/dag.py
[2025-03-19T19:52:53.216+0000] {logging_mixin.py:190} INFO - [2025-03-19T19:52:53.216+0000] {dag.py:3239} INFO - Sync 1 DAGs
[2025-03-19T19:52:53.245+0000] {logging_mixin.py:190} INFO - [2025-03-19T19:52:53.244+0000] {dag.py:4180} INFO - Setting next_dagrun for extract_f1_drivers_to_s3 to 2025-03-19 00:00:00+00:00, run_after=2025-03-20 00:00:00+00:00
[2025-03-19T19:52:53.283+0000] {processor.py:208} INFO - Processing /opt/airflow/dags/dag.py took 0.140 seconds
[2025-03-19T19:53:23.574+0000] {processor.py:186} INFO - Started process (PID=206) to work on /opt/airflow/dags/dag.py
[2025-03-19T19:53:23.575+0000] {processor.py:914} INFO - Processing file /opt/airflow/dags/dag.py for tasks to queue
[2025-03-19T19:53:23.579+0000] {logging_mixin.py:190} INFO - [2025-03-19T19:53:23.579+0000] {dagbag.py:588} INFO - Filling up the DagBag from /opt/airflow/dags/dag.py
[2025-03-19T19:53:23.607+0000] {processor.py:925} INFO - DAG(s) 'extract_f1_drivers_to_s3' retrieved from /opt/airflow/dags/dag.py
[2025-03-19T19:53:23.634+0000] {logging_mixin.py:190} INFO - [2025-03-19T19:53:23.634+0000] {dag.py:3239} INFO - Sync 1 DAGs
[2025-03-19T19:53:23.665+0000] {logging_mixin.py:190} INFO - [2025-03-19T19:53:23.665+0000] {dag.py:4180} INFO - Setting next_dagrun for extract_f1_drivers_to_s3 to 2025-03-19 00:00:00+00:00, run_after=2025-03-20 00:00:00+00:00
[2025-03-19T19:53:23.704+0000] {processor.py:208} INFO - Processing /opt/airflow/dags/dag.py took 0.137 seconds
[2025-03-19T19:53:53.871+0000] {processor.py:186} INFO - Started process (PID=213) to work on /opt/airflow/dags/dag.py
[2025-03-19T19:53:53.873+0000] {processor.py:914} INFO - Processing file /opt/airflow/dags/dag.py for tasks to queue
[2025-03-19T19:53:53.876+0000] {logging_mixin.py:190} INFO - [2025-03-19T19:53:53.876+0000] {dagbag.py:588} INFO - Filling up the DagBag from /opt/airflow/dags/dag.py
[2025-03-19T19:53:53.907+0000] {processor.py:925} INFO - DAG(s) 'extract_f1_drivers_to_s3' retrieved from /opt/airflow/dags/dag.py
[2025-03-19T19:53:53.940+0000] {logging_mixin.py:190} INFO - [2025-03-19T19:53:53.940+0000] {dag.py:3239} INFO - Sync 1 DAGs
[2025-03-19T19:53:53.974+0000] {logging_mixin.py:190} INFO - [2025-03-19T19:53:53.973+0000] {dag.py:4180} INFO - Setting next_dagrun for extract_f1_drivers_to_s3 to 2025-03-19 00:00:00+00:00, run_after=2025-03-20 00:00:00+00:00
[2025-03-19T19:53:54.018+0000] {processor.py:208} INFO - Processing /opt/airflow/dags/dag.py took 0.158 seconds
[2025-03-19T19:54:24.392+0000] {processor.py:186} INFO - Started process (PID=220) to work on /opt/airflow/dags/dag.py
[2025-03-19T19:54:24.394+0000] {processor.py:914} INFO - Processing file /opt/airflow/dags/dag.py for tasks to queue
[2025-03-19T19:54:24.398+0000] {logging_mixin.py:190} INFO - [2025-03-19T19:54:24.398+0000] {dagbag.py:588} INFO - Filling up the DagBag from /opt/airflow/dags/dag.py
[2025-03-19T19:54:24.429+0000] {processor.py:925} INFO - DAG(s) 'extract_f1_drivers_to_s3' retrieved from /opt/airflow/dags/dag.py
[2025-03-19T19:54:24.461+0000] {logging_mixin.py:190} INFO - [2025-03-19T19:54:24.461+0000] {dag.py:3239} INFO - Sync 1 DAGs
[2025-03-19T19:54:24.492+0000] {logging_mixin.py:190} INFO - [2025-03-19T19:54:24.492+0000] {dag.py:4180} INFO - Setting next_dagrun for extract_f1_drivers_to_s3 to 2025-03-19 00:00:00+00:00, run_after=2025-03-20 00:00:00+00:00
[2025-03-19T19:54:24.542+0000] {processor.py:208} INFO - Processing /opt/airflow/dags/dag.py took 0.157 seconds
[2025-03-19T19:54:54.704+0000] {processor.py:186} INFO - Started process (PID=227) to work on /opt/airflow/dags/dag.py
[2025-03-19T19:54:54.706+0000] {processor.py:914} INFO - Processing file /opt/airflow/dags/dag.py for tasks to queue
[2025-03-19T19:54:54.709+0000] {logging_mixin.py:190} INFO - [2025-03-19T19:54:54.709+0000] {dagbag.py:588} INFO - Filling up the DagBag from /opt/airflow/dags/dag.py
[2025-03-19T19:54:54.746+0000] {processor.py:925} INFO - DAG(s) 'extract_f1_drivers_to_s3' retrieved from /opt/airflow/dags/dag.py
[2025-03-19T19:54:54.773+0000] {logging_mixin.py:190} INFO - [2025-03-19T19:54:54.772+0000] {dag.py:3239} INFO - Sync 1 DAGs
[2025-03-19T19:54:54.802+0000] {logging_mixin.py:190} INFO - [2025-03-19T19:54:54.801+0000] {dag.py:4180} INFO - Setting next_dagrun for extract_f1_drivers_to_s3 to 2025-03-19 00:00:00+00:00, run_after=2025-03-20 00:00:00+00:00
[2025-03-19T19:54:54.841+0000] {processor.py:208} INFO - Processing /opt/airflow/dags/dag.py took 0.145 seconds
[2025-03-19T19:55:25.166+0000] {processor.py:186} INFO - Started process (PID=234) to work on /opt/airflow/dags/dag.py
[2025-03-19T19:55:25.167+0000] {processor.py:914} INFO - Processing file /opt/airflow/dags/dag.py for tasks to queue
[2025-03-19T19:55:25.171+0000] {logging_mixin.py:190} INFO - [2025-03-19T19:55:25.170+0000] {dagbag.py:588} INFO - Filling up the DagBag from /opt/airflow/dags/dag.py
[2025-03-19T19:55:25.204+0000] {processor.py:925} INFO - DAG(s) 'extract_f1_drivers_to_s3' retrieved from /opt/airflow/dags/dag.py
[2025-03-19T19:55:25.244+0000] {logging_mixin.py:190} INFO - [2025-03-19T19:55:25.244+0000] {dag.py:3239} INFO - Sync 1 DAGs
[2025-03-19T19:55:25.285+0000] {logging_mixin.py:190} INFO - [2025-03-19T19:55:25.284+0000] {dag.py:4180} INFO - Setting next_dagrun for extract_f1_drivers_to_s3 to 2025-03-19 00:00:00+00:00, run_after=2025-03-20 00:00:00+00:00
[2025-03-19T19:55:25.330+0000] {processor.py:208} INFO - Processing /opt/airflow/dags/dag.py took 0.173 seconds
[2025-03-19T19:55:55.480+0000] {processor.py:186} INFO - Started process (PID=241) to work on /opt/airflow/dags/dag.py
[2025-03-19T19:55:55.482+0000] {processor.py:914} INFO - Processing file /opt/airflow/dags/dag.py for tasks to queue
[2025-03-19T19:55:55.486+0000] {logging_mixin.py:190} INFO - [2025-03-19T19:55:55.486+0000] {dagbag.py:588} INFO - Filling up the DagBag from /opt/airflow/dags/dag.py
[2025-03-19T19:55:55.517+0000] {processor.py:925} INFO - DAG(s) 'extract_f1_drivers_to_s3' retrieved from /opt/airflow/dags/dag.py
[2025-03-19T19:55:55.556+0000] {logging_mixin.py:190} INFO - [2025-03-19T19:55:55.556+0000] {dag.py:3239} INFO - Sync 1 DAGs
[2025-03-19T19:55:55.593+0000] {logging_mixin.py:190} INFO - [2025-03-19T19:55:55.593+0000] {dag.py:4180} INFO - Setting next_dagrun for extract_f1_drivers_to_s3 to 2025-03-19 00:00:00+00:00, run_after=2025-03-20 00:00:00+00:00
[2025-03-19T19:55:55.635+0000] {processor.py:208} INFO - Processing /opt/airflow/dags/dag.py took 0.164 seconds
[2025-03-19T19:56:25.934+0000] {processor.py:186} INFO - Started process (PID=248) to work on /opt/airflow/dags/dag.py
[2025-03-19T19:56:25.936+0000] {processor.py:914} INFO - Processing file /opt/airflow/dags/dag.py for tasks to queue
[2025-03-19T19:56:25.940+0000] {logging_mixin.py:190} INFO - [2025-03-19T19:56:25.940+0000] {dagbag.py:588} INFO - Filling up the DagBag from /opt/airflow/dags/dag.py
[2025-03-19T19:56:25.973+0000] {processor.py:925} INFO - DAG(s) 'extract_f1_drivers_to_s3' retrieved from /opt/airflow/dags/dag.py
[2025-03-19T19:56:26.006+0000] {logging_mixin.py:190} INFO - [2025-03-19T19:56:26.005+0000] {dag.py:3239} INFO - Sync 1 DAGs
[2025-03-19T19:56:26.039+0000] {logging_mixin.py:190} INFO - [2025-03-19T19:56:26.039+0000] {dag.py:4180} INFO - Setting next_dagrun for extract_f1_drivers_to_s3 to 2025-03-19 00:00:00+00:00, run_after=2025-03-20 00:00:00+00:00
[2025-03-19T19:56:26.081+0000] {processor.py:208} INFO - Processing /opt/airflow/dags/dag.py took 0.156 seconds
[2025-03-19T19:56:56.258+0000] {processor.py:186} INFO - Started process (PID=255) to work on /opt/airflow/dags/dag.py
[2025-03-19T19:56:56.260+0000] {processor.py:914} INFO - Processing file /opt/airflow/dags/dag.py for tasks to queue
[2025-03-19T19:56:56.265+0000] {logging_mixin.py:190} INFO - [2025-03-19T19:56:56.264+0000] {dagbag.py:588} INFO - Filling up the DagBag from /opt/airflow/dags/dag.py
[2025-03-19T19:56:56.298+0000] {processor.py:925} INFO - DAG(s) 'extract_f1_drivers_to_s3' retrieved from /opt/airflow/dags/dag.py
[2025-03-19T19:56:56.345+0000] {logging_mixin.py:190} INFO - [2025-03-19T19:56:56.345+0000] {dag.py:3239} INFO - Sync 1 DAGs
[2025-03-19T19:56:56.386+0000] {logging_mixin.py:190} INFO - [2025-03-19T19:56:56.385+0000] {dag.py:4180} INFO - Setting next_dagrun for extract_f1_drivers_to_s3 to 2025-03-19 00:00:00+00:00, run_after=2025-03-20 00:00:00+00:00
[2025-03-19T19:56:56.436+0000] {processor.py:208} INFO - Processing /opt/airflow/dags/dag.py took 0.186 seconds
[2025-03-19T19:57:26.678+0000] {processor.py:186} INFO - Started process (PID=262) to work on /opt/airflow/dags/dag.py
[2025-03-19T19:57:26.680+0000] {processor.py:914} INFO - Processing file /opt/airflow/dags/dag.py for tasks to queue
[2025-03-19T19:57:26.684+0000] {logging_mixin.py:190} INFO - [2025-03-19T19:57:26.683+0000] {dagbag.py:588} INFO - Filling up the DagBag from /opt/airflow/dags/dag.py
[2025-03-19T19:57:26.717+0000] {processor.py:925} INFO - DAG(s) 'extract_f1_drivers_to_s3' retrieved from /opt/airflow/dags/dag.py
[2025-03-19T19:57:26.748+0000] {logging_mixin.py:190} INFO - [2025-03-19T19:57:26.748+0000] {dag.py:3239} INFO - Sync 1 DAGs
[2025-03-19T19:57:26.781+0000] {logging_mixin.py:190} INFO - [2025-03-19T19:57:26.780+0000] {dag.py:4180} INFO - Setting next_dagrun for extract_f1_drivers_to_s3 to 2025-03-19 00:00:00+00:00, run_after=2025-03-20 00:00:00+00:00
[2025-03-19T19:57:26.825+0000] {processor.py:208} INFO - Processing /opt/airflow/dags/dag.py took 0.154 seconds
[2025-03-19T19:57:57.037+0000] {processor.py:186} INFO - Started process (PID=269) to work on /opt/airflow/dags/dag.py
[2025-03-19T19:57:57.039+0000] {processor.py:914} INFO - Processing file /opt/airflow/dags/dag.py for tasks to queue
[2025-03-19T19:57:57.043+0000] {logging_mixin.py:190} INFO - [2025-03-19T19:57:57.042+0000] {dagbag.py:588} INFO - Filling up the DagBag from /opt/airflow/dags/dag.py
[2025-03-19T19:57:57.073+0000] {processor.py:925} INFO - DAG(s) 'extract_f1_drivers_to_s3' retrieved from /opt/airflow/dags/dag.py
[2025-03-19T19:57:57.108+0000] {logging_mixin.py:190} INFO - [2025-03-19T19:57:57.108+0000] {dag.py:3239} INFO - Sync 1 DAGs
[2025-03-19T19:57:57.141+0000] {logging_mixin.py:190} INFO - [2025-03-19T19:57:57.141+0000] {dag.py:4180} INFO - Setting next_dagrun for extract_f1_drivers_to_s3 to 2025-03-19 00:00:00+00:00, run_after=2025-03-20 00:00:00+00:00
[2025-03-19T19:57:57.185+0000] {processor.py:208} INFO - Processing /opt/airflow/dags/dag.py took 0.156 seconds
[2025-03-19T19:58:27.438+0000] {processor.py:186} INFO - Started process (PID=276) to work on /opt/airflow/dags/dag.py
[2025-03-19T19:58:27.442+0000] {processor.py:914} INFO - Processing file /opt/airflow/dags/dag.py for tasks to queue
[2025-03-19T19:58:27.449+0000] {logging_mixin.py:190} INFO - [2025-03-19T19:58:27.448+0000] {dagbag.py:588} INFO - Filling up the DagBag from /opt/airflow/dags/dag.py
[2025-03-19T19:58:27.482+0000] {processor.py:925} INFO - DAG(s) 'extract_f1_drivers_to_s3' retrieved from /opt/airflow/dags/dag.py
[2025-03-19T19:58:27.518+0000] {logging_mixin.py:190} INFO - [2025-03-19T19:58:27.518+0000] {dag.py:3239} INFO - Sync 1 DAGs
[2025-03-19T19:58:27.555+0000] {logging_mixin.py:190} INFO - [2025-03-19T19:58:27.555+0000] {dag.py:4180} INFO - Setting next_dagrun for extract_f1_drivers_to_s3 to 2025-03-19 00:00:00+00:00, run_after=2025-03-20 00:00:00+00:00
[2025-03-19T19:58:27.600+0000] {processor.py:208} INFO - Processing /opt/airflow/dags/dag.py took 0.185 seconds
[2025-03-19T19:58:57.813+0000] {processor.py:186} INFO - Started process (PID=283) to work on /opt/airflow/dags/dag.py
[2025-03-19T19:58:57.814+0000] {processor.py:914} INFO - Processing file /opt/airflow/dags/dag.py for tasks to queue
[2025-03-19T19:58:57.819+0000] {logging_mixin.py:190} INFO - [2025-03-19T19:58:57.818+0000] {dagbag.py:588} INFO - Filling up the DagBag from /opt/airflow/dags/dag.py
[2025-03-19T19:58:57.848+0000] {processor.py:925} INFO - DAG(s) 'extract_f1_drivers_to_s3' retrieved from /opt/airflow/dags/dag.py
[2025-03-19T19:58:57.885+0000] {logging_mixin.py:190} INFO - [2025-03-19T19:58:57.884+0000] {dag.py:3239} INFO - Sync 1 DAGs
[2025-03-19T19:58:57.918+0000] {logging_mixin.py:190} INFO - [2025-03-19T19:58:57.917+0000] {dag.py:4180} INFO - Setting next_dagrun for extract_f1_drivers_to_s3 to 2025-03-19 00:00:00+00:00, run_after=2025-03-20 00:00:00+00:00
[2025-03-19T19:58:57.960+0000] {processor.py:208} INFO - Processing /opt/airflow/dags/dag.py took 0.155 seconds
[2025-03-19T19:59:28.217+0000] {processor.py:186} INFO - Started process (PID=290) to work on /opt/airflow/dags/dag.py
[2025-03-19T19:59:28.219+0000] {processor.py:914} INFO - Processing file /opt/airflow/dags/dag.py for tasks to queue
[2025-03-19T19:59:28.224+0000] {logging_mixin.py:190} INFO - [2025-03-19T19:59:28.223+0000] {dagbag.py:588} INFO - Filling up the DagBag from /opt/airflow/dags/dag.py
[2025-03-19T19:59:28.263+0000] {processor.py:925} INFO - DAG(s) 'extract_f1_drivers_to_s3' retrieved from /opt/airflow/dags/dag.py
[2025-03-19T19:59:28.301+0000] {logging_mixin.py:190} INFO - [2025-03-19T19:59:28.300+0000] {dag.py:3239} INFO - Sync 1 DAGs
[2025-03-19T19:59:28.337+0000] {logging_mixin.py:190} INFO - [2025-03-19T19:59:28.337+0000] {dag.py:4180} INFO - Setting next_dagrun for extract_f1_drivers_to_s3 to 2025-03-19 00:00:00+00:00, run_after=2025-03-20 00:00:00+00:00
[2025-03-19T19:59:28.370+0000] {processor.py:208} INFO - Processing /opt/airflow/dags/dag.py took 0.161 seconds
[2025-03-19T19:59:58.544+0000] {processor.py:186} INFO - Started process (PID=297) to work on /opt/airflow/dags/dag.py
[2025-03-19T19:59:58.546+0000] {processor.py:914} INFO - Processing file /opt/airflow/dags/dag.py for tasks to queue
[2025-03-19T19:59:58.549+0000] {logging_mixin.py:190} INFO - [2025-03-19T19:59:58.549+0000] {dagbag.py:588} INFO - Filling up the DagBag from /opt/airflow/dags/dag.py
[2025-03-19T19:59:58.574+0000] {processor.py:925} INFO - DAG(s) 'extract_f1_drivers_to_s3' retrieved from /opt/airflow/dags/dag.py
[2025-03-19T19:59:58.602+0000] {logging_mixin.py:190} INFO - [2025-03-19T19:59:58.602+0000] {dag.py:3239} INFO - Sync 1 DAGs
[2025-03-19T19:59:58.627+0000] {logging_mixin.py:190} INFO - [2025-03-19T19:59:58.627+0000] {dag.py:4180} INFO - Setting next_dagrun for extract_f1_drivers_to_s3 to 2025-03-19 00:00:00+00:00, run_after=2025-03-20 00:00:00+00:00
[2025-03-19T19:59:58.652+0000] {processor.py:208} INFO - Processing /opt/airflow/dags/dag.py took 0.114 seconds
[2025-03-19T20:00:28.965+0000] {processor.py:186} INFO - Started process (PID=304) to work on /opt/airflow/dags/dag.py
[2025-03-19T20:00:28.967+0000] {processor.py:914} INFO - Processing file /opt/airflow/dags/dag.py for tasks to queue
[2025-03-19T20:00:28.971+0000] {logging_mixin.py:190} INFO - [2025-03-19T20:00:28.971+0000] {dagbag.py:588} INFO - Filling up the DagBag from /opt/airflow/dags/dag.py
[2025-03-19T20:00:29.002+0000] {processor.py:925} INFO - DAG(s) 'extract_f1_drivers_to_s3' retrieved from /opt/airflow/dags/dag.py
[2025-03-19T20:00:29.036+0000] {logging_mixin.py:190} INFO - [2025-03-19T20:00:29.036+0000] {dag.py:3239} INFO - Sync 1 DAGs
[2025-03-19T20:00:29.070+0000] {logging_mixin.py:190} INFO - [2025-03-19T20:00:29.069+0000] {dag.py:4180} INFO - Setting next_dagrun for extract_f1_drivers_to_s3 to 2025-03-19 00:00:00+00:00, run_after=2025-03-20 00:00:00+00:00
[2025-03-19T20:00:29.111+0000] {processor.py:208} INFO - Processing /opt/airflow/dags/dag.py took 0.155 seconds
[2025-03-19T20:00:59.288+0000] {processor.py:186} INFO - Started process (PID=311) to work on /opt/airflow/dags/dag.py
[2025-03-19T20:00:59.290+0000] {processor.py:914} INFO - Processing file /opt/airflow/dags/dag.py for tasks to queue
[2025-03-19T20:00:59.295+0000] {logging_mixin.py:190} INFO - [2025-03-19T20:00:59.294+0000] {dagbag.py:588} INFO - Filling up the DagBag from /opt/airflow/dags/dag.py
[2025-03-19T20:00:59.334+0000] {processor.py:925} INFO - DAG(s) 'extract_f1_drivers_to_s3' retrieved from /opt/airflow/dags/dag.py
[2025-03-19T20:00:59.373+0000] {logging_mixin.py:190} INFO - [2025-03-19T20:00:59.373+0000] {dag.py:3239} INFO - Sync 1 DAGs
[2025-03-19T20:00:59.409+0000] {logging_mixin.py:190} INFO - [2025-03-19T20:00:59.409+0000] {dag.py:4180} INFO - Setting next_dagrun for extract_f1_drivers_to_s3 to 2025-03-19 00:00:00+00:00, run_after=2025-03-20 00:00:00+00:00
[2025-03-19T20:00:59.452+0000] {processor.py:208} INFO - Processing /opt/airflow/dags/dag.py took 0.174 seconds
[2025-03-19T20:01:29.699+0000] {processor.py:186} INFO - Started process (PID=318) to work on /opt/airflow/dags/dag.py
[2025-03-19T20:01:29.700+0000] {processor.py:914} INFO - Processing file /opt/airflow/dags/dag.py for tasks to queue
[2025-03-19T20:01:29.703+0000] {logging_mixin.py:190} INFO - [2025-03-19T20:01:29.703+0000] {dagbag.py:588} INFO - Filling up the DagBag from /opt/airflow/dags/dag.py
[2025-03-19T20:01:29.735+0000] {processor.py:925} INFO - DAG(s) 'extract_f1_drivers_to_s3' retrieved from /opt/airflow/dags/dag.py
[2025-03-19T20:01:29.767+0000] {logging_mixin.py:190} INFO - [2025-03-19T20:01:29.767+0000] {dag.py:3239} INFO - Sync 1 DAGs
[2025-03-19T20:01:29.806+0000] {logging_mixin.py:190} INFO - [2025-03-19T20:01:29.806+0000] {dag.py:4180} INFO - Setting next_dagrun for extract_f1_drivers_to_s3 to 2025-03-19 00:00:00+00:00, run_after=2025-03-20 00:00:00+00:00
[2025-03-19T20:01:29.839+0000] {processor.py:208} INFO - Processing /opt/airflow/dags/dag.py took 0.148 seconds
[2025-03-19T20:02:00.050+0000] {processor.py:186} INFO - Started process (PID=325) to work on /opt/airflow/dags/dag.py
[2025-03-19T20:02:00.052+0000] {processor.py:914} INFO - Processing file /opt/airflow/dags/dag.py for tasks to queue
[2025-03-19T20:02:00.057+0000] {logging_mixin.py:190} INFO - [2025-03-19T20:02:00.056+0000] {dagbag.py:588} INFO - Filling up the DagBag from /opt/airflow/dags/dag.py
[2025-03-19T20:02:00.093+0000] {processor.py:925} INFO - DAG(s) 'extract_f1_drivers_to_s3' retrieved from /opt/airflow/dags/dag.py
[2025-03-19T20:02:00.139+0000] {logging_mixin.py:190} INFO - [2025-03-19T20:02:00.139+0000] {dag.py:3239} INFO - Sync 1 DAGs
[2025-03-19T20:02:00.178+0000] {logging_mixin.py:190} INFO - [2025-03-19T20:02:00.178+0000] {dag.py:4180} INFO - Setting next_dagrun for extract_f1_drivers_to_s3 to 2025-03-19 00:00:00+00:00, run_after=2025-03-20 00:00:00+00:00
[2025-03-19T20:02:00.228+0000] {processor.py:208} INFO - Processing /opt/airflow/dags/dag.py took 0.190 seconds
[2025-03-19T20:02:30.474+0000] {processor.py:186} INFO - Started process (PID=332) to work on /opt/airflow/dags/dag.py
[2025-03-19T20:02:30.476+0000] {processor.py:914} INFO - Processing file /opt/airflow/dags/dag.py for tasks to queue
[2025-03-19T20:02:30.481+0000] {logging_mixin.py:190} INFO - [2025-03-19T20:02:30.480+0000] {dagbag.py:588} INFO - Filling up the DagBag from /opt/airflow/dags/dag.py
[2025-03-19T20:02:30.516+0000] {processor.py:925} INFO - DAG(s) 'extract_f1_drivers_to_s3' retrieved from /opt/airflow/dags/dag.py
[2025-03-19T20:02:30.550+0000] {logging_mixin.py:190} INFO - [2025-03-19T20:02:30.549+0000] {dag.py:3239} INFO - Sync 1 DAGs
[2025-03-19T20:02:30.589+0000] {logging_mixin.py:190} INFO - [2025-03-19T20:02:30.589+0000] {dag.py:4180} INFO - Setting next_dagrun for extract_f1_drivers_to_s3 to 2025-03-19 00:00:00+00:00, run_after=2025-03-20 00:00:00+00:00
[2025-03-19T20:02:30.634+0000] {processor.py:208} INFO - Processing /opt/airflow/dags/dag.py took 0.169 seconds
[2025-03-19T20:03:00.856+0000] {processor.py:186} INFO - Started process (PID=339) to work on /opt/airflow/dags/dag.py
[2025-03-19T20:03:00.857+0000] {processor.py:914} INFO - Processing file /opt/airflow/dags/dag.py for tasks to queue
[2025-03-19T20:03:00.862+0000] {logging_mixin.py:190} INFO - [2025-03-19T20:03:00.861+0000] {dagbag.py:588} INFO - Filling up the DagBag from /opt/airflow/dags/dag.py
[2025-03-19T20:03:00.893+0000] {processor.py:925} INFO - DAG(s) 'extract_f1_drivers_to_s3' retrieved from /opt/airflow/dags/dag.py
[2025-03-19T20:03:00.933+0000] {logging_mixin.py:190} INFO - [2025-03-19T20:03:00.932+0000] {dag.py:3239} INFO - Sync 1 DAGs
[2025-03-19T20:03:00.977+0000] {logging_mixin.py:190} INFO - [2025-03-19T20:03:00.977+0000] {dag.py:4180} INFO - Setting next_dagrun for extract_f1_drivers_to_s3 to 2025-03-19 00:00:00+00:00, run_after=2025-03-20 00:00:00+00:00
[2025-03-19T20:03:01.011+0000] {processor.py:208} INFO - Processing /opt/airflow/dags/dag.py took 0.165 seconds
[2025-03-19T20:03:31.239+0000] {processor.py:186} INFO - Started process (PID=346) to work on /opt/airflow/dags/dag.py
[2025-03-19T20:03:31.241+0000] {processor.py:914} INFO - Processing file /opt/airflow/dags/dag.py for tasks to queue
[2025-03-19T20:03:31.245+0000] {logging_mixin.py:190} INFO - [2025-03-19T20:03:31.245+0000] {dagbag.py:588} INFO - Filling up the DagBag from /opt/airflow/dags/dag.py
[2025-03-19T20:03:31.277+0000] {processor.py:925} INFO - DAG(s) 'extract_f1_drivers_to_s3' retrieved from /opt/airflow/dags/dag.py
[2025-03-19T20:03:31.310+0000] {logging_mixin.py:190} INFO - [2025-03-19T20:03:31.309+0000] {dag.py:3239} INFO - Sync 1 DAGs
[2025-03-19T20:03:31.342+0000] {logging_mixin.py:190} INFO - [2025-03-19T20:03:31.341+0000] {dag.py:4180} INFO - Setting next_dagrun for extract_f1_drivers_to_s3 to 2025-03-19 00:00:00+00:00, run_after=2025-03-20 00:00:00+00:00
[2025-03-19T20:03:31.386+0000] {processor.py:208} INFO - Processing /opt/airflow/dags/dag.py took 0.157 seconds
[2025-03-19T20:04:01.650+0000] {processor.py:186} INFO - Started process (PID=353) to work on /opt/airflow/dags/dag.py
[2025-03-19T20:04:01.652+0000] {processor.py:914} INFO - Processing file /opt/airflow/dags/dag.py for tasks to queue
[2025-03-19T20:04:01.656+0000] {logging_mixin.py:190} INFO - [2025-03-19T20:04:01.655+0000] {dagbag.py:588} INFO - Filling up the DagBag from /opt/airflow/dags/dag.py
[2025-03-19T20:04:01.686+0000] {processor.py:925} INFO - DAG(s) 'extract_f1_drivers_to_s3' retrieved from /opt/airflow/dags/dag.py
[2025-03-19T20:04:01.721+0000] {logging_mixin.py:190} INFO - [2025-03-19T20:04:01.721+0000] {dag.py:3239} INFO - Sync 1 DAGs
[2025-03-19T20:04:01.761+0000] {logging_mixin.py:190} INFO - [2025-03-19T20:04:01.760+0000] {dag.py:4180} INFO - Setting next_dagrun for extract_f1_drivers_to_s3 to 2025-03-19 00:00:00+00:00, run_after=2025-03-20 00:00:00+00:00
[2025-03-19T20:04:01.805+0000] {processor.py:208} INFO - Processing /opt/airflow/dags/dag.py took 0.165 seconds
[2025-03-19T20:04:31.990+0000] {processor.py:186} INFO - Started process (PID=360) to work on /opt/airflow/dags/dag.py
[2025-03-19T20:04:31.992+0000] {processor.py:914} INFO - Processing file /opt/airflow/dags/dag.py for tasks to queue
[2025-03-19T20:04:31.996+0000] {logging_mixin.py:190} INFO - [2025-03-19T20:04:31.996+0000] {dagbag.py:588} INFO - Filling up the DagBag from /opt/airflow/dags/dag.py
[2025-03-19T20:04:32.026+0000] {processor.py:925} INFO - DAG(s) 'extract_f1_drivers_to_s3' retrieved from /opt/airflow/dags/dag.py
[2025-03-19T20:04:32.060+0000] {logging_mixin.py:190} INFO - [2025-03-19T20:04:32.059+0000] {dag.py:3239} INFO - Sync 1 DAGs
[2025-03-19T20:04:32.096+0000] {logging_mixin.py:190} INFO - [2025-03-19T20:04:32.096+0000] {dag.py:4180} INFO - Setting next_dagrun for extract_f1_drivers_to_s3 to 2025-03-19 00:00:00+00:00, run_after=2025-03-20 00:00:00+00:00
[2025-03-19T20:04:32.139+0000] {processor.py:208} INFO - Processing /opt/airflow/dags/dag.py took 0.157 seconds
[2025-03-19T20:05:02.417+0000] {processor.py:186} INFO - Started process (PID=367) to work on /opt/airflow/dags/dag.py
[2025-03-19T20:05:02.419+0000] {processor.py:914} INFO - Processing file /opt/airflow/dags/dag.py for tasks to queue
[2025-03-19T20:05:02.423+0000] {logging_mixin.py:190} INFO - [2025-03-19T20:05:02.422+0000] {dagbag.py:588} INFO - Filling up the DagBag from /opt/airflow/dags/dag.py
[2025-03-19T20:05:02.450+0000] {processor.py:925} INFO - DAG(s) 'extract_f1_drivers_to_s3' retrieved from /opt/airflow/dags/dag.py
[2025-03-19T20:05:02.482+0000] {logging_mixin.py:190} INFO - [2025-03-19T20:05:02.482+0000] {dag.py:3239} INFO - Sync 1 DAGs
[2025-03-19T20:05:02.513+0000] {logging_mixin.py:190} INFO - [2025-03-19T20:05:02.513+0000] {dag.py:4180} INFO - Setting next_dagrun for extract_f1_drivers_to_s3 to 2025-03-19 00:00:00+00:00, run_after=2025-03-20 00:00:00+00:00
[2025-03-19T20:05:02.560+0000] {processor.py:208} INFO - Processing /opt/airflow/dags/dag.py took 0.150 seconds
[2025-03-19T20:05:32.728+0000] {processor.py:186} INFO - Started process (PID=374) to work on /opt/airflow/dags/dag.py
[2025-03-19T20:05:32.730+0000] {processor.py:914} INFO - Processing file /opt/airflow/dags/dag.py for tasks to queue
[2025-03-19T20:05:32.734+0000] {logging_mixin.py:190} INFO - [2025-03-19T20:05:32.733+0000] {dagbag.py:588} INFO - Filling up the DagBag from /opt/airflow/dags/dag.py
[2025-03-19T20:05:32.762+0000] {processor.py:925} INFO - DAG(s) 'extract_f1_drivers_to_s3' retrieved from /opt/airflow/dags/dag.py
[2025-03-19T20:05:32.791+0000] {logging_mixin.py:190} INFO - [2025-03-19T20:05:32.791+0000] {dag.py:3239} INFO - Sync 1 DAGs
[2025-03-19T20:05:32.822+0000] {logging_mixin.py:190} INFO - [2025-03-19T20:05:32.821+0000] {dag.py:4180} INFO - Setting next_dagrun for extract_f1_drivers_to_s3 to 2025-03-19 00:00:00+00:00, run_after=2025-03-20 00:00:00+00:00
[2025-03-19T20:05:32.870+0000] {processor.py:208} INFO - Processing /opt/airflow/dags/dag.py took 0.149 seconds
[2025-03-19T20:06:03.167+0000] {processor.py:186} INFO - Started process (PID=381) to work on /opt/airflow/dags/dag.py
[2025-03-19T20:06:03.168+0000] {processor.py:914} INFO - Processing file /opt/airflow/dags/dag.py for tasks to queue
[2025-03-19T20:06:03.171+0000] {logging_mixin.py:190} INFO - [2025-03-19T20:06:03.171+0000] {dagbag.py:588} INFO - Filling up the DagBag from /opt/airflow/dags/dag.py
[2025-03-19T20:06:03.197+0000] {processor.py:925} INFO - DAG(s) 'extract_f1_drivers_to_s3' retrieved from /opt/airflow/dags/dag.py
[2025-03-19T20:06:03.222+0000] {logging_mixin.py:190} INFO - [2025-03-19T20:06:03.222+0000] {dag.py:3239} INFO - Sync 1 DAGs
[2025-03-19T20:06:03.252+0000] {logging_mixin.py:190} INFO - [2025-03-19T20:06:03.251+0000] {dag.py:4180} INFO - Setting next_dagrun for extract_f1_drivers_to_s3 to 2025-03-19 00:00:00+00:00, run_after=2025-03-20 00:00:00+00:00
[2025-03-19T20:06:03.292+0000] {processor.py:208} INFO - Processing /opt/airflow/dags/dag.py took 0.134 seconds
[2025-03-19T20:06:33.491+0000] {processor.py:186} INFO - Started process (PID=388) to work on /opt/airflow/dags/dag.py
[2025-03-19T20:06:33.493+0000] {processor.py:914} INFO - Processing file /opt/airflow/dags/dag.py for tasks to queue
[2025-03-19T20:06:33.496+0000] {logging_mixin.py:190} INFO - [2025-03-19T20:06:33.496+0000] {dagbag.py:588} INFO - Filling up the DagBag from /opt/airflow/dags/dag.py
[2025-03-19T20:06:33.528+0000] {processor.py:925} INFO - DAG(s) 'extract_f1_drivers_to_s3' retrieved from /opt/airflow/dags/dag.py
[2025-03-19T20:06:33.563+0000] {logging_mixin.py:190} INFO - [2025-03-19T20:06:33.562+0000] {dag.py:3239} INFO - Sync 1 DAGs
[2025-03-19T20:06:33.594+0000] {logging_mixin.py:190} INFO - [2025-03-19T20:06:33.594+0000] {dag.py:4180} INFO - Setting next_dagrun for extract_f1_drivers_to_s3 to 2025-03-19 00:00:00+00:00, run_after=2025-03-20 00:00:00+00:00
[2025-03-19T20:06:33.646+0000] {processor.py:208} INFO - Processing /opt/airflow/dags/dag.py took 0.163 seconds
[2025-03-19T20:07:03.901+0000] {processor.py:186} INFO - Started process (PID=395) to work on /opt/airflow/dags/dag.py
[2025-03-19T20:07:03.908+0000] {processor.py:914} INFO - Processing file /opt/airflow/dags/dag.py for tasks to queue
[2025-03-19T20:07:03.914+0000] {logging_mixin.py:190} INFO - [2025-03-19T20:07:03.913+0000] {dagbag.py:588} INFO - Filling up the DagBag from /opt/airflow/dags/dag.py
[2025-03-19T20:07:03.947+0000] {processor.py:925} INFO - DAG(s) 'extract_f1_drivers_to_s3' retrieved from /opt/airflow/dags/dag.py
[2025-03-19T20:07:03.982+0000] {logging_mixin.py:190} INFO - [2025-03-19T20:07:03.981+0000] {dag.py:3239} INFO - Sync 1 DAGs
[2025-03-19T20:07:04.017+0000] {logging_mixin.py:190} INFO - [2025-03-19T20:07:04.016+0000] {dag.py:4180} INFO - Setting next_dagrun for extract_f1_drivers_to_s3 to 2025-03-19 00:00:00+00:00, run_after=2025-03-20 00:00:00+00:00
[2025-03-19T20:07:04.069+0000] {processor.py:208} INFO - Processing /opt/airflow/dags/dag.py took 0.180 seconds
[2025-03-19T20:07:34.261+0000] {processor.py:186} INFO - Started process (PID=402) to work on /opt/airflow/dags/dag.py
[2025-03-19T20:07:34.263+0000] {processor.py:914} INFO - Processing file /opt/airflow/dags/dag.py for tasks to queue
[2025-03-19T20:07:34.267+0000] {logging_mixin.py:190} INFO - [2025-03-19T20:07:34.266+0000] {dagbag.py:588} INFO - Filling up the DagBag from /opt/airflow/dags/dag.py
[2025-03-19T20:07:34.302+0000] {processor.py:925} INFO - DAG(s) 'extract_f1_drivers_to_s3' retrieved from /opt/airflow/dags/dag.py
[2025-03-19T20:07:34.340+0000] {logging_mixin.py:190} INFO - [2025-03-19T20:07:34.339+0000] {dag.py:3239} INFO - Sync 1 DAGs
[2025-03-19T20:07:34.377+0000] {logging_mixin.py:190} INFO - [2025-03-19T20:07:34.377+0000] {dag.py:4180} INFO - Setting next_dagrun for extract_f1_drivers_to_s3 to 2025-03-19 00:00:00+00:00, run_after=2025-03-20 00:00:00+00:00
[2025-03-19T20:07:34.424+0000] {processor.py:208} INFO - Processing /opt/airflow/dags/dag.py took 0.172 seconds
[2025-03-19T20:08:04.677+0000] {processor.py:186} INFO - Started process (PID=409) to work on /opt/airflow/dags/dag.py
[2025-03-19T20:08:04.679+0000] {processor.py:914} INFO - Processing file /opt/airflow/dags/dag.py for tasks to queue
[2025-03-19T20:08:04.684+0000] {logging_mixin.py:190} INFO - [2025-03-19T20:08:04.683+0000] {dagbag.py:588} INFO - Filling up the DagBag from /opt/airflow/dags/dag.py
[2025-03-19T20:08:04.715+0000] {processor.py:925} INFO - DAG(s) 'extract_f1_drivers_to_s3' retrieved from /opt/airflow/dags/dag.py
[2025-03-19T20:08:04.747+0000] {logging_mixin.py:190} INFO - [2025-03-19T20:08:04.746+0000] {dag.py:3239} INFO - Sync 1 DAGs
[2025-03-19T20:08:04.781+0000] {logging_mixin.py:190} INFO - [2025-03-19T20:08:04.781+0000] {dag.py:4180} INFO - Setting next_dagrun for extract_f1_drivers_to_s3 to 2025-03-19 00:00:00+00:00, run_after=2025-03-20 00:00:00+00:00
[2025-03-19T20:08:04.809+0000] {processor.py:208} INFO - Processing /opt/airflow/dags/dag.py took 0.140 seconds
[2025-03-19T20:08:35.040+0000] {processor.py:186} INFO - Started process (PID=416) to work on /opt/airflow/dags/dag.py
[2025-03-19T20:08:35.042+0000] {processor.py:914} INFO - Processing file /opt/airflow/dags/dag.py for tasks to queue
[2025-03-19T20:08:35.046+0000] {logging_mixin.py:190} INFO - [2025-03-19T20:08:35.046+0000] {dagbag.py:588} INFO - Filling up the DagBag from /opt/airflow/dags/dag.py
[2025-03-19T20:08:35.071+0000] {processor.py:925} INFO - DAG(s) 'extract_f1_drivers_to_s3' retrieved from /opt/airflow/dags/dag.py
[2025-03-19T20:08:35.097+0000] {logging_mixin.py:190} INFO - [2025-03-19T20:08:35.097+0000] {dag.py:3239} INFO - Sync 1 DAGs
[2025-03-19T20:08:35.122+0000] {logging_mixin.py:190} INFO - [2025-03-19T20:08:35.122+0000] {dag.py:4180} INFO - Setting next_dagrun for extract_f1_drivers_to_s3 to 2025-03-19 00:00:00+00:00, run_after=2025-03-20 00:00:00+00:00
[2025-03-19T20:08:35.149+0000] {processor.py:208} INFO - Processing /opt/airflow/dags/dag.py took 0.115 seconds
[2025-03-19T20:09:05.447+0000] {processor.py:186} INFO - Started process (PID=423) to work on /opt/airflow/dags/dag.py
[2025-03-19T20:09:05.450+0000] {processor.py:914} INFO - Processing file /opt/airflow/dags/dag.py for tasks to queue
[2025-03-19T20:09:05.454+0000] {logging_mixin.py:190} INFO - [2025-03-19T20:09:05.454+0000] {dagbag.py:588} INFO - Filling up the DagBag from /opt/airflow/dags/dag.py
[2025-03-19T20:09:05.483+0000] {processor.py:925} INFO - DAG(s) 'extract_f1_drivers_to_s3' retrieved from /opt/airflow/dags/dag.py
[2025-03-19T20:09:05.514+0000] {logging_mixin.py:190} INFO - [2025-03-19T20:09:05.514+0000] {dag.py:3239} INFO - Sync 1 DAGs
[2025-03-19T20:09:05.546+0000] {logging_mixin.py:190} INFO - [2025-03-19T20:09:05.546+0000] {dag.py:4180} INFO - Setting next_dagrun for extract_f1_drivers_to_s3 to 2025-03-19 00:00:00+00:00, run_after=2025-03-20 00:00:00+00:00
[2025-03-19T20:09:05.594+0000] {processor.py:208} INFO - Processing /opt/airflow/dags/dag.py took 0.155 seconds
[2025-03-19T20:09:35.801+0000] {processor.py:186} INFO - Started process (PID=430) to work on /opt/airflow/dags/dag.py
[2025-03-19T20:09:35.803+0000] {processor.py:914} INFO - Processing file /opt/airflow/dags/dag.py for tasks to queue
[2025-03-19T20:09:35.810+0000] {logging_mixin.py:190} INFO - [2025-03-19T20:09:35.808+0000] {dagbag.py:588} INFO - Filling up the DagBag from /opt/airflow/dags/dag.py
[2025-03-19T20:09:35.851+0000] {processor.py:925} INFO - DAG(s) 'extract_f1_drivers_to_s3' retrieved from /opt/airflow/dags/dag.py
[2025-03-19T20:09:35.907+0000] {logging_mixin.py:190} INFO - [2025-03-19T20:09:35.906+0000] {dag.py:3239} INFO - Sync 1 DAGs
[2025-03-19T20:09:35.959+0000] {logging_mixin.py:190} INFO - [2025-03-19T20:09:35.958+0000] {dag.py:4180} INFO - Setting next_dagrun for extract_f1_drivers_to_s3 to 2025-03-19 00:00:00+00:00, run_after=2025-03-20 00:00:00+00:00
[2025-03-19T20:09:35.987+0000] {processor.py:208} INFO - Processing /opt/airflow/dags/dag.py took 0.198 seconds
[2025-03-19T20:10:06.231+0000] {processor.py:186} INFO - Started process (PID=437) to work on /opt/airflow/dags/dag.py
[2025-03-19T20:10:06.233+0000] {processor.py:914} INFO - Processing file /opt/airflow/dags/dag.py for tasks to queue
[2025-03-19T20:10:06.236+0000] {logging_mixin.py:190} INFO - [2025-03-19T20:10:06.236+0000] {dagbag.py:588} INFO - Filling up the DagBag from /opt/airflow/dags/dag.py
[2025-03-19T20:10:06.269+0000] {processor.py:925} INFO - DAG(s) 'extract_f1_drivers_to_s3' retrieved from /opt/airflow/dags/dag.py
[2025-03-19T20:10:06.302+0000] {logging_mixin.py:190} INFO - [2025-03-19T20:10:06.302+0000] {dag.py:3239} INFO - Sync 1 DAGs
[2025-03-19T20:10:06.334+0000] {logging_mixin.py:190} INFO - [2025-03-19T20:10:06.333+0000] {dag.py:4180} INFO - Setting next_dagrun for extract_f1_drivers_to_s3 to 2025-03-19 00:00:00+00:00, run_after=2025-03-20 00:00:00+00:00
[2025-03-19T20:10:06.377+0000] {processor.py:208} INFO - Processing /opt/airflow/dags/dag.py took 0.154 seconds
[2025-03-19T20:10:36.581+0000] {processor.py:186} INFO - Started process (PID=444) to work on /opt/airflow/dags/dag.py
[2025-03-19T20:10:36.583+0000] {processor.py:914} INFO - Processing file /opt/airflow/dags/dag.py for tasks to queue
[2025-03-19T20:10:36.587+0000] {logging_mixin.py:190} INFO - [2025-03-19T20:10:36.587+0000] {dagbag.py:588} INFO - Filling up the DagBag from /opt/airflow/dags/dag.py
[2025-03-19T20:10:36.630+0000] {processor.py:925} INFO - DAG(s) 'extract_f1_drivers_to_s3' retrieved from /opt/airflow/dags/dag.py
[2025-03-19T20:10:36.673+0000] {logging_mixin.py:190} INFO - [2025-03-19T20:10:36.673+0000] {dag.py:3239} INFO - Sync 1 DAGs
[2025-03-19T20:10:36.708+0000] {logging_mixin.py:190} INFO - [2025-03-19T20:10:36.707+0000] {dag.py:4180} INFO - Setting next_dagrun for extract_f1_drivers_to_s3 to 2025-03-19 00:00:00+00:00, run_after=2025-03-20 00:00:00+00:00
[2025-03-19T20:10:36.754+0000] {processor.py:208} INFO - Processing /opt/airflow/dags/dag.py took 0.185 seconds
[2025-03-19T20:11:06.979+0000] {processor.py:186} INFO - Started process (PID=451) to work on /opt/airflow/dags/dag.py
[2025-03-19T20:11:06.981+0000] {processor.py:914} INFO - Processing file /opt/airflow/dags/dag.py for tasks to queue
[2025-03-19T20:11:06.985+0000] {logging_mixin.py:190} INFO - [2025-03-19T20:11:06.985+0000] {dagbag.py:588} INFO - Filling up the DagBag from /opt/airflow/dags/dag.py
[2025-03-19T20:11:07.015+0000] {processor.py:925} INFO - DAG(s) 'extract_f1_drivers_to_s3' retrieved from /opt/airflow/dags/dag.py
[2025-03-19T20:11:07.050+0000] {logging_mixin.py:190} INFO - [2025-03-19T20:11:07.050+0000] {dag.py:3239} INFO - Sync 1 DAGs
[2025-03-19T20:11:07.086+0000] {logging_mixin.py:190} INFO - [2025-03-19T20:11:07.085+0000] {dag.py:4180} INFO - Setting next_dagrun for extract_f1_drivers_to_s3 to 2025-03-19 00:00:00+00:00, run_after=2025-03-20 00:00:00+00:00
[2025-03-19T20:11:07.111+0000] {processor.py:208} INFO - Processing /opt/airflow/dags/dag.py took 0.139 seconds
[2025-03-19T20:11:37.382+0000] {processor.py:186} INFO - Started process (PID=458) to work on /opt/airflow/dags/dag.py
[2025-03-19T20:11:37.383+0000] {processor.py:914} INFO - Processing file /opt/airflow/dags/dag.py for tasks to queue
[2025-03-19T20:11:37.388+0000] {logging_mixin.py:190} INFO - [2025-03-19T20:11:37.387+0000] {dagbag.py:588} INFO - Filling up the DagBag from /opt/airflow/dags/dag.py
[2025-03-19T20:11:37.416+0000] {processor.py:925} INFO - DAG(s) 'extract_f1_drivers_to_s3' retrieved from /opt/airflow/dags/dag.py
[2025-03-19T20:11:37.449+0000] {logging_mixin.py:190} INFO - [2025-03-19T20:11:37.448+0000] {dag.py:3239} INFO - Sync 1 DAGs
[2025-03-19T20:11:37.483+0000] {logging_mixin.py:190} INFO - [2025-03-19T20:11:37.482+0000] {dag.py:4180} INFO - Setting next_dagrun for extract_f1_drivers_to_s3 to 2025-03-19 00:00:00+00:00, run_after=2025-03-20 00:00:00+00:00
[2025-03-19T20:11:37.523+0000] {processor.py:208} INFO - Processing /opt/airflow/dags/dag.py took 0.151 seconds
[2025-03-19T20:12:07.713+0000] {processor.py:186} INFO - Started process (PID=465) to work on /opt/airflow/dags/dag.py
[2025-03-19T20:12:07.715+0000] {processor.py:914} INFO - Processing file /opt/airflow/dags/dag.py for tasks to queue
[2025-03-19T20:12:07.719+0000] {logging_mixin.py:190} INFO - [2025-03-19T20:12:07.718+0000] {dagbag.py:588} INFO - Filling up the DagBag from /opt/airflow/dags/dag.py
[2025-03-19T20:12:07.747+0000] {processor.py:925} INFO - DAG(s) 'extract_f1_drivers_to_s3' retrieved from /opt/airflow/dags/dag.py
[2025-03-19T20:12:07.782+0000] {logging_mixin.py:190} INFO - [2025-03-19T20:12:07.782+0000] {dag.py:3239} INFO - Sync 1 DAGs
[2025-03-19T20:12:07.815+0000] {logging_mixin.py:190} INFO - [2025-03-19T20:12:07.815+0000] {dag.py:4180} INFO - Setting next_dagrun for extract_f1_drivers_to_s3 to 2025-03-19 00:00:00+00:00, run_after=2025-03-20 00:00:00+00:00
[2025-03-19T20:12:07.856+0000] {processor.py:208} INFO - Processing /opt/airflow/dags/dag.py took 0.151 seconds
[2025-03-19T20:12:38.147+0000] {processor.py:186} INFO - Started process (PID=472) to work on /opt/airflow/dags/dag.py
[2025-03-19T20:12:38.148+0000] {processor.py:914} INFO - Processing file /opt/airflow/dags/dag.py for tasks to queue
[2025-03-19T20:12:38.152+0000] {logging_mixin.py:190} INFO - [2025-03-19T20:12:38.151+0000] {dagbag.py:588} INFO - Filling up the DagBag from /opt/airflow/dags/dag.py
[2025-03-19T20:12:38.186+0000] {processor.py:925} INFO - DAG(s) 'extract_f1_drivers_to_s3' retrieved from /opt/airflow/dags/dag.py
[2025-03-19T20:12:38.220+0000] {logging_mixin.py:190} INFO - [2025-03-19T20:12:38.220+0000] {dag.py:3239} INFO - Sync 1 DAGs
[2025-03-19T20:12:38.260+0000] {logging_mixin.py:190} INFO - [2025-03-19T20:12:38.259+0000] {dag.py:4180} INFO - Setting next_dagrun for extract_f1_drivers_to_s3 to 2025-03-19 00:00:00+00:00, run_after=2025-03-20 00:00:00+00:00
[2025-03-19T20:12:38.303+0000] {processor.py:208} INFO - Processing /opt/airflow/dags/dag.py took 0.168 seconds
[2025-03-19T20:13:08.465+0000] {processor.py:186} INFO - Started process (PID=479) to work on /opt/airflow/dags/dag.py
[2025-03-19T20:13:08.467+0000] {processor.py:914} INFO - Processing file /opt/airflow/dags/dag.py for tasks to queue
[2025-03-19T20:13:08.471+0000] {logging_mixin.py:190} INFO - [2025-03-19T20:13:08.470+0000] {dagbag.py:588} INFO - Filling up the DagBag from /opt/airflow/dags/dag.py
[2025-03-19T20:13:08.505+0000] {processor.py:925} INFO - DAG(s) 'extract_f1_drivers_to_s3' retrieved from /opt/airflow/dags/dag.py
[2025-03-19T20:13:08.537+0000] {logging_mixin.py:190} INFO - [2025-03-19T20:13:08.537+0000] {dag.py:3239} INFO - Sync 1 DAGs
[2025-03-19T20:13:08.572+0000] {logging_mixin.py:190} INFO - [2025-03-19T20:13:08.571+0000] {dag.py:4180} INFO - Setting next_dagrun for extract_f1_drivers_to_s3 to 2025-03-19 00:00:00+00:00, run_after=2025-03-20 00:00:00+00:00
[2025-03-19T20:13:08.615+0000] {processor.py:208} INFO - Processing /opt/airflow/dags/dag.py took 0.158 seconds
[2025-03-19T20:13:38.910+0000] {processor.py:186} INFO - Started process (PID=486) to work on /opt/airflow/dags/dag.py
[2025-03-19T20:13:38.911+0000] {processor.py:914} INFO - Processing file /opt/airflow/dags/dag.py for tasks to queue
[2025-03-19T20:13:38.915+0000] {logging_mixin.py:190} INFO - [2025-03-19T20:13:38.915+0000] {dagbag.py:588} INFO - Filling up the DagBag from /opt/airflow/dags/dag.py
[2025-03-19T20:13:38.941+0000] {processor.py:925} INFO - DAG(s) 'extract_f1_drivers_to_s3' retrieved from /opt/airflow/dags/dag.py
[2025-03-19T20:13:38.967+0000] {logging_mixin.py:190} INFO - [2025-03-19T20:13:38.967+0000] {dag.py:3239} INFO - Sync 1 DAGs
[2025-03-19T20:13:38.994+0000] {logging_mixin.py:190} INFO - [2025-03-19T20:13:38.994+0000] {dag.py:4180} INFO - Setting next_dagrun for extract_f1_drivers_to_s3 to 2025-03-19 00:00:00+00:00, run_after=2025-03-20 00:00:00+00:00
[2025-03-19T20:13:39.034+0000] {processor.py:208} INFO - Processing /opt/airflow/dags/dag.py took 0.129 seconds
[2025-03-19T20:14:09.320+0000] {processor.py:186} INFO - Started process (PID=493) to work on /opt/airflow/dags/dag.py
[2025-03-19T20:14:09.322+0000] {processor.py:914} INFO - Processing file /opt/airflow/dags/dag.py for tasks to queue
[2025-03-19T20:14:09.326+0000] {logging_mixin.py:190} INFO - [2025-03-19T20:14:09.326+0000] {dagbag.py:588} INFO - Filling up the DagBag from /opt/airflow/dags/dag.py
[2025-03-19T20:14:09.357+0000] {processor.py:925} INFO - DAG(s) 'extract_f1_drivers_to_s3' retrieved from /opt/airflow/dags/dag.py
[2025-03-19T20:14:09.394+0000] {logging_mixin.py:190} INFO - [2025-03-19T20:14:09.393+0000] {dag.py:3239} INFO - Sync 1 DAGs
[2025-03-19T20:14:09.429+0000] {logging_mixin.py:190} INFO - [2025-03-19T20:14:09.429+0000] {dag.py:4180} INFO - Setting next_dagrun for extract_f1_drivers_to_s3 to 2025-03-19 00:00:00+00:00, run_after=2025-03-20 00:00:00+00:00
[2025-03-19T20:14:09.476+0000] {processor.py:208} INFO - Processing /opt/airflow/dags/dag.py took 0.164 seconds
[2025-03-19T20:14:39.678+0000] {processor.py:186} INFO - Started process (PID=500) to work on /opt/airflow/dags/dag.py
[2025-03-19T20:14:39.679+0000] {processor.py:914} INFO - Processing file /opt/airflow/dags/dag.py for tasks to queue
[2025-03-19T20:14:39.684+0000] {logging_mixin.py:190} INFO - [2025-03-19T20:14:39.684+0000] {dagbag.py:588} INFO - Filling up the DagBag from /opt/airflow/dags/dag.py
[2025-03-19T20:14:39.712+0000] {processor.py:925} INFO - DAG(s) 'extract_f1_drivers_to_s3' retrieved from /opt/airflow/dags/dag.py
[2025-03-19T20:14:39.746+0000] {logging_mixin.py:190} INFO - [2025-03-19T20:14:39.746+0000] {dag.py:3239} INFO - Sync 1 DAGs
[2025-03-19T20:14:39.781+0000] {logging_mixin.py:190} INFO - [2025-03-19T20:14:39.781+0000] {dag.py:4180} INFO - Setting next_dagrun for extract_f1_drivers_to_s3 to 2025-03-19 00:00:00+00:00, run_after=2025-03-20 00:00:00+00:00
[2025-03-19T20:14:39.827+0000] {processor.py:208} INFO - Processing /opt/airflow/dags/dag.py took 0.157 seconds
[2025-03-19T20:15:10.115+0000] {processor.py:186} INFO - Started process (PID=507) to work on /opt/airflow/dags/dag.py
[2025-03-19T20:15:10.117+0000] {processor.py:914} INFO - Processing file /opt/airflow/dags/dag.py for tasks to queue
[2025-03-19T20:15:10.121+0000] {logging_mixin.py:190} INFO - [2025-03-19T20:15:10.120+0000] {dagbag.py:588} INFO - Filling up the DagBag from /opt/airflow/dags/dag.py
[2025-03-19T20:15:10.151+0000] {processor.py:925} INFO - DAG(s) 'extract_f1_drivers_to_s3' retrieved from /opt/airflow/dags/dag.py
[2025-03-19T20:15:10.184+0000] {logging_mixin.py:190} INFO - [2025-03-19T20:15:10.183+0000] {dag.py:3239} INFO - Sync 1 DAGs
[2025-03-19T20:15:10.217+0000] {logging_mixin.py:190} INFO - [2025-03-19T20:15:10.217+0000] {dag.py:4180} INFO - Setting next_dagrun for extract_f1_drivers_to_s3 to 2025-03-19 00:00:00+00:00, run_after=2025-03-20 00:00:00+00:00
[2025-03-19T20:15:10.249+0000] {processor.py:208} INFO - Processing /opt/airflow/dags/dag.py took 0.141 seconds
[2025-03-19T20:15:40.481+0000] {processor.py:186} INFO - Started process (PID=514) to work on /opt/airflow/dags/dag.py
[2025-03-19T20:15:40.483+0000] {processor.py:914} INFO - Processing file /opt/airflow/dags/dag.py for tasks to queue
[2025-03-19T20:15:40.487+0000] {logging_mixin.py:190} INFO - [2025-03-19T20:15:40.487+0000] {dagbag.py:588} INFO - Filling up the DagBag from /opt/airflow/dags/dag.py
[2025-03-19T20:15:40.521+0000] {processor.py:925} INFO - DAG(s) 'extract_f1_drivers_to_s3' retrieved from /opt/airflow/dags/dag.py
[2025-03-19T20:15:40.559+0000] {logging_mixin.py:190} INFO - [2025-03-19T20:15:40.559+0000] {dag.py:3239} INFO - Sync 1 DAGs
[2025-03-19T20:15:40.605+0000] {logging_mixin.py:190} INFO - [2025-03-19T20:15:40.604+0000] {dag.py:4180} INFO - Setting next_dagrun for extract_f1_drivers_to_s3 to 2025-03-19 00:00:00+00:00, run_after=2025-03-20 00:00:00+00:00
[2025-03-19T20:15:40.632+0000] {processor.py:208} INFO - Processing /opt/airflow/dags/dag.py took 0.162 seconds
[2025-03-19T20:16:10.897+0000] {processor.py:186} INFO - Started process (PID=521) to work on /opt/airflow/dags/dag.py
[2025-03-19T20:16:10.899+0000] {processor.py:914} INFO - Processing file /opt/airflow/dags/dag.py for tasks to queue
[2025-03-19T20:16:10.903+0000] {logging_mixin.py:190} INFO - [2025-03-19T20:16:10.903+0000] {dagbag.py:588} INFO - Filling up the DagBag from /opt/airflow/dags/dag.py
[2025-03-19T20:16:10.936+0000] {processor.py:925} INFO - DAG(s) 'extract_f1_drivers_to_s3' retrieved from /opt/airflow/dags/dag.py
[2025-03-19T20:16:10.962+0000] {logging_mixin.py:190} INFO - [2025-03-19T20:16:10.961+0000] {dag.py:3239} INFO - Sync 1 DAGs
[2025-03-19T20:16:10.993+0000] {logging_mixin.py:190} INFO - [2025-03-19T20:16:10.993+0000] {dag.py:4180} INFO - Setting next_dagrun for extract_f1_drivers_to_s3 to 2025-03-19 00:00:00+00:00, run_after=2025-03-20 00:00:00+00:00
[2025-03-19T20:16:11.035+0000] {processor.py:208} INFO - Processing /opt/airflow/dags/dag.py took 0.145 seconds
[2025-03-19T20:16:41.240+0000] {processor.py:186} INFO - Started process (PID=528) to work on /opt/airflow/dags/dag.py
[2025-03-19T20:16:41.242+0000] {processor.py:914} INFO - Processing file /opt/airflow/dags/dag.py for tasks to queue
[2025-03-19T20:16:41.244+0000] {logging_mixin.py:190} INFO - [2025-03-19T20:16:41.244+0000] {dagbag.py:588} INFO - Filling up the DagBag from /opt/airflow/dags/dag.py
[2025-03-19T20:16:41.274+0000] {processor.py:925} INFO - DAG(s) 'extract_f1_drivers_to_s3' retrieved from /opt/airflow/dags/dag.py
[2025-03-19T20:16:41.305+0000] {logging_mixin.py:190} INFO - [2025-03-19T20:16:41.305+0000] {dag.py:3239} INFO - Sync 1 DAGs
[2025-03-19T20:16:41.338+0000] {logging_mixin.py:190} INFO - [2025-03-19T20:16:41.337+0000] {dag.py:4180} INFO - Setting next_dagrun for extract_f1_drivers_to_s3 to 2025-03-19 00:00:00+00:00, run_after=2025-03-20 00:00:00+00:00
[2025-03-19T20:16:41.377+0000] {processor.py:208} INFO - Processing /opt/airflow/dags/dag.py took 0.144 seconds
[2025-03-19T20:17:11.655+0000] {processor.py:186} INFO - Started process (PID=535) to work on /opt/airflow/dags/dag.py
[2025-03-19T20:17:11.657+0000] {processor.py:914} INFO - Processing file /opt/airflow/dags/dag.py for tasks to queue
[2025-03-19T20:17:11.661+0000] {logging_mixin.py:190} INFO - [2025-03-19T20:17:11.661+0000] {dagbag.py:588} INFO - Filling up the DagBag from /opt/airflow/dags/dag.py
[2025-03-19T20:17:11.691+0000] {processor.py:925} INFO - DAG(s) 'extract_f1_drivers_to_s3' retrieved from /opt/airflow/dags/dag.py
[2025-03-19T20:17:11.721+0000] {logging_mixin.py:190} INFO - [2025-03-19T20:17:11.721+0000] {dag.py:3239} INFO - Sync 1 DAGs
[2025-03-19T20:17:11.751+0000] {logging_mixin.py:190} INFO - [2025-03-19T20:17:11.751+0000] {dag.py:4180} INFO - Setting next_dagrun for extract_f1_drivers_to_s3 to 2025-03-19 00:00:00+00:00, run_after=2025-03-20 00:00:00+00:00
[2025-03-19T20:17:11.792+0000] {processor.py:208} INFO - Processing /opt/airflow/dags/dag.py took 0.144 seconds
[2025-03-19T20:17:42.000+0000] {processor.py:186} INFO - Started process (PID=542) to work on /opt/airflow/dags/dag.py
[2025-03-19T20:17:42.002+0000] {processor.py:914} INFO - Processing file /opt/airflow/dags/dag.py for tasks to queue
[2025-03-19T20:17:42.007+0000] {logging_mixin.py:190} INFO - [2025-03-19T20:17:42.006+0000] {dagbag.py:588} INFO - Filling up the DagBag from /opt/airflow/dags/dag.py
[2025-03-19T20:17:42.038+0000] {processor.py:925} INFO - DAG(s) 'extract_f1_drivers_to_s3' retrieved from /opt/airflow/dags/dag.py
[2025-03-19T20:17:42.078+0000] {logging_mixin.py:190} INFO - [2025-03-19T20:17:42.077+0000] {dag.py:3239} INFO - Sync 1 DAGs
[2025-03-19T20:17:42.117+0000] {logging_mixin.py:190} INFO - [2025-03-19T20:17:42.116+0000] {dag.py:4180} INFO - Setting next_dagrun for extract_f1_drivers_to_s3 to 2025-03-19 00:00:00+00:00, run_after=2025-03-20 00:00:00+00:00
[2025-03-19T20:17:42.147+0000] {processor.py:208} INFO - Processing /opt/airflow/dags/dag.py took 0.155 seconds
[2025-03-19T20:18:12.424+0000] {processor.py:186} INFO - Started process (PID=549) to work on /opt/airflow/dags/dag.py
[2025-03-19T20:18:12.425+0000] {processor.py:914} INFO - Processing file /opt/airflow/dags/dag.py for tasks to queue
[2025-03-19T20:18:12.430+0000] {logging_mixin.py:190} INFO - [2025-03-19T20:18:12.429+0000] {dagbag.py:588} INFO - Filling up the DagBag from /opt/airflow/dags/dag.py
[2025-03-19T20:18:12.462+0000] {processor.py:925} INFO - DAG(s) 'extract_f1_drivers_to_s3' retrieved from /opt/airflow/dags/dag.py
[2025-03-19T20:18:12.496+0000] {logging_mixin.py:190} INFO - [2025-03-19T20:18:12.496+0000] {dag.py:3239} INFO - Sync 1 DAGs
[2025-03-19T20:18:12.535+0000] {logging_mixin.py:190} INFO - [2025-03-19T20:18:12.535+0000] {dag.py:4180} INFO - Setting next_dagrun for extract_f1_drivers_to_s3 to 2025-03-19 00:00:00+00:00, run_after=2025-03-20 00:00:00+00:00
[2025-03-19T20:18:12.581+0000] {processor.py:208} INFO - Processing /opt/airflow/dags/dag.py took 0.166 seconds
[2025-03-19T20:18:42.736+0000] {processor.py:186} INFO - Started process (PID=556) to work on /opt/airflow/dags/dag.py
[2025-03-19T20:18:42.738+0000] {processor.py:914} INFO - Processing file /opt/airflow/dags/dag.py for tasks to queue
[2025-03-19T20:18:42.741+0000] {logging_mixin.py:190} INFO - [2025-03-19T20:18:42.741+0000] {dagbag.py:588} INFO - Filling up the DagBag from /opt/airflow/dags/dag.py
[2025-03-19T20:18:42.767+0000] {processor.py:925} INFO - DAG(s) 'extract_f1_drivers_to_s3' retrieved from /opt/airflow/dags/dag.py
[2025-03-19T20:18:42.797+0000] {logging_mixin.py:190} INFO - [2025-03-19T20:18:42.797+0000] {dag.py:3239} INFO - Sync 1 DAGs
[2025-03-19T20:18:42.829+0000] {logging_mixin.py:190} INFO - [2025-03-19T20:18:42.828+0000] {dag.py:4180} INFO - Setting next_dagrun for extract_f1_drivers_to_s3 to 2025-03-19 00:00:00+00:00, run_after=2025-03-20 00:00:00+00:00
[2025-03-19T20:18:42.851+0000] {processor.py:208} INFO - Processing /opt/airflow/dags/dag.py took 0.121 seconds
[2025-03-19T20:19:13.231+0000] {processor.py:186} INFO - Started process (PID=563) to work on /opt/airflow/dags/dag.py
[2025-03-19T20:19:13.232+0000] {processor.py:914} INFO - Processing file /opt/airflow/dags/dag.py for tasks to queue
[2025-03-19T20:19:13.235+0000] {logging_mixin.py:190} INFO - [2025-03-19T20:19:13.234+0000] {dagbag.py:588} INFO - Filling up the DagBag from /opt/airflow/dags/dag.py
[2025-03-19T20:19:13.261+0000] {processor.py:925} INFO - DAG(s) 'extract_f1_drivers_to_s3' retrieved from /opt/airflow/dags/dag.py
[2025-03-19T20:19:13.287+0000] {logging_mixin.py:190} INFO - [2025-03-19T20:19:13.286+0000] {dag.py:3239} INFO - Sync 1 DAGs
[2025-03-19T20:19:13.314+0000] {logging_mixin.py:190} INFO - [2025-03-19T20:19:13.313+0000] {dag.py:4180} INFO - Setting next_dagrun for extract_f1_drivers_to_s3 to 2025-03-19 00:00:00+00:00, run_after=2025-03-20 00:00:00+00:00
[2025-03-19T20:19:13.350+0000] {processor.py:208} INFO - Processing /opt/airflow/dags/dag.py took 0.126 seconds
[2025-03-19T20:19:43.543+0000] {processor.py:186} INFO - Started process (PID=570) to work on /opt/airflow/dags/dag.py
[2025-03-19T20:19:43.545+0000] {processor.py:914} INFO - Processing file /opt/airflow/dags/dag.py for tasks to queue
[2025-03-19T20:19:43.548+0000] {logging_mixin.py:190} INFO - [2025-03-19T20:19:43.548+0000] {dagbag.py:588} INFO - Filling up the DagBag from /opt/airflow/dags/dag.py
[2025-03-19T20:19:43.583+0000] {processor.py:925} INFO - DAG(s) 'extract_f1_drivers_to_s3' retrieved from /opt/airflow/dags/dag.py
[2025-03-19T20:19:43.615+0000] {logging_mixin.py:190} INFO - [2025-03-19T20:19:43.614+0000] {dag.py:3239} INFO - Sync 1 DAGs
[2025-03-19T20:19:43.646+0000] {logging_mixin.py:190} INFO - [2025-03-19T20:19:43.646+0000] {dag.py:4180} INFO - Setting next_dagrun for extract_f1_drivers_to_s3 to 2025-03-19 00:00:00+00:00, run_after=2025-03-20 00:00:00+00:00
[2025-03-19T20:19:43.686+0000] {processor.py:208} INFO - Processing /opt/airflow/dags/dag.py took 0.150 seconds
[2025-03-19T20:20:13.962+0000] {processor.py:186} INFO - Started process (PID=577) to work on /opt/airflow/dags/dag.py
[2025-03-19T20:20:13.964+0000] {processor.py:914} INFO - Processing file /opt/airflow/dags/dag.py for tasks to queue
[2025-03-19T20:20:13.969+0000] {logging_mixin.py:190} INFO - [2025-03-19T20:20:13.968+0000] {dagbag.py:588} INFO - Filling up the DagBag from /opt/airflow/dags/dag.py
[2025-03-19T20:20:14.010+0000] {processor.py:925} INFO - DAG(s) 'extract_f1_drivers_to_s3' retrieved from /opt/airflow/dags/dag.py
[2025-03-19T20:20:14.046+0000] {logging_mixin.py:190} INFO - [2025-03-19T20:20:14.045+0000] {dag.py:3239} INFO - Sync 1 DAGs
[2025-03-19T20:20:14.080+0000] {logging_mixin.py:190} INFO - [2025-03-19T20:20:14.080+0000] {dag.py:4180} INFO - Setting next_dagrun for extract_f1_drivers_to_s3 to 2025-03-19 00:00:00+00:00, run_after=2025-03-20 00:00:00+00:00
[2025-03-19T20:20:14.125+0000] {processor.py:208} INFO - Processing /opt/airflow/dags/dag.py took 0.173 seconds
[2025-03-19T20:20:44.284+0000] {processor.py:186} INFO - Started process (PID=584) to work on /opt/airflow/dags/dag.py
[2025-03-19T20:20:44.286+0000] {processor.py:914} INFO - Processing file /opt/airflow/dags/dag.py for tasks to queue
[2025-03-19T20:20:44.292+0000] {logging_mixin.py:190} INFO - [2025-03-19T20:20:44.291+0000] {dagbag.py:588} INFO - Filling up the DagBag from /opt/airflow/dags/dag.py
[2025-03-19T20:20:44.331+0000] {processor.py:925} INFO - DAG(s) 'extract_f1_drivers_to_s3' retrieved from /opt/airflow/dags/dag.py
[2025-03-19T20:20:44.374+0000] {logging_mixin.py:190} INFO - [2025-03-19T20:20:44.374+0000] {dag.py:3239} INFO - Sync 1 DAGs
[2025-03-19T20:20:44.423+0000] {logging_mixin.py:190} INFO - [2025-03-19T20:20:44.423+0000] {dag.py:4180} INFO - Setting next_dagrun for extract_f1_drivers_to_s3 to 2025-03-19 00:00:00+00:00, run_after=2025-03-20 00:00:00+00:00
[2025-03-19T20:20:44.458+0000] {processor.py:208} INFO - Processing /opt/airflow/dags/dag.py took 0.187 seconds
[2025-03-19T20:21:14.771+0000] {processor.py:186} INFO - Started process (PID=591) to work on /opt/airflow/dags/dag.py
[2025-03-19T20:21:14.773+0000] {processor.py:914} INFO - Processing file /opt/airflow/dags/dag.py for tasks to queue
[2025-03-19T20:21:14.778+0000] {logging_mixin.py:190} INFO - [2025-03-19T20:21:14.777+0000] {dagbag.py:588} INFO - Filling up the DagBag from /opt/airflow/dags/dag.py
[2025-03-19T20:21:14.809+0000] {processor.py:925} INFO - DAG(s) 'extract_f1_drivers_to_s3' retrieved from /opt/airflow/dags/dag.py
[2025-03-19T20:21:14.846+0000] {logging_mixin.py:190} INFO - [2025-03-19T20:21:14.845+0000] {dag.py:3239} INFO - Sync 1 DAGs
[2025-03-19T20:21:14.886+0000] {logging_mixin.py:190} INFO - [2025-03-19T20:21:14.886+0000] {dag.py:4180} INFO - Setting next_dagrun for extract_f1_drivers_to_s3 to 2025-03-19 00:00:00+00:00, run_after=2025-03-20 00:00:00+00:00
[2025-03-19T20:21:14.935+0000] {processor.py:208} INFO - Processing /opt/airflow/dags/dag.py took 0.174 seconds
[2025-03-19T20:21:45.080+0000] {processor.py:186} INFO - Started process (PID=598) to work on /opt/airflow/dags/dag.py
[2025-03-19T20:21:45.082+0000] {processor.py:914} INFO - Processing file /opt/airflow/dags/dag.py for tasks to queue
[2025-03-19T20:21:45.087+0000] {logging_mixin.py:190} INFO - [2025-03-19T20:21:45.087+0000] {dagbag.py:588} INFO - Filling up the DagBag from /opt/airflow/dags/dag.py
[2025-03-19T20:21:45.117+0000] {processor.py:925} INFO - DAG(s) 'extract_f1_drivers_to_s3' retrieved from /opt/airflow/dags/dag.py
[2025-03-19T20:21:45.152+0000] {logging_mixin.py:190} INFO - [2025-03-19T20:21:45.152+0000] {dag.py:3239} INFO - Sync 1 DAGs
[2025-03-19T20:21:45.185+0000] {logging_mixin.py:190} INFO - [2025-03-19T20:21:45.185+0000] {dag.py:4180} INFO - Setting next_dagrun for extract_f1_drivers_to_s3 to 2025-03-19 00:00:00+00:00, run_after=2025-03-20 00:00:00+00:00
[2025-03-19T20:21:45.228+0000] {processor.py:208} INFO - Processing /opt/airflow/dags/dag.py took 0.156 seconds
[2025-03-19T20:22:15.568+0000] {processor.py:186} INFO - Started process (PID=605) to work on /opt/airflow/dags/dag.py
[2025-03-19T20:22:15.569+0000] {processor.py:914} INFO - Processing file /opt/airflow/dags/dag.py for tasks to queue
[2025-03-19T20:22:15.573+0000] {logging_mixin.py:190} INFO - [2025-03-19T20:22:15.573+0000] {dagbag.py:588} INFO - Filling up the DagBag from /opt/airflow/dags/dag.py
[2025-03-19T20:22:15.596+0000] {processor.py:925} INFO - DAG(s) 'extract_f1_drivers_to_s3' retrieved from /opt/airflow/dags/dag.py
[2025-03-19T20:22:15.620+0000] {logging_mixin.py:190} INFO - [2025-03-19T20:22:15.620+0000] {dag.py:3239} INFO - Sync 1 DAGs
[2025-03-19T20:22:15.645+0000] {logging_mixin.py:190} INFO - [2025-03-19T20:22:15.645+0000] {dag.py:4180} INFO - Setting next_dagrun for extract_f1_drivers_to_s3 to 2025-03-19 00:00:00+00:00, run_after=2025-03-20 00:00:00+00:00
[2025-03-19T20:22:15.684+0000] {processor.py:208} INFO - Processing /opt/airflow/dags/dag.py took 0.122 seconds
[2025-03-19T20:22:45.904+0000] {processor.py:186} INFO - Started process (PID=612) to work on /opt/airflow/dags/dag.py
[2025-03-19T20:22:45.906+0000] {processor.py:914} INFO - Processing file /opt/airflow/dags/dag.py for tasks to queue
[2025-03-19T20:22:45.912+0000] {logging_mixin.py:190} INFO - [2025-03-19T20:22:45.911+0000] {dagbag.py:588} INFO - Filling up the DagBag from /opt/airflow/dags/dag.py
[2025-03-19T20:22:45.939+0000] {processor.py:925} INFO - DAG(s) 'extract_f1_drivers_to_s3' retrieved from /opt/airflow/dags/dag.py
[2025-03-19T20:22:45.977+0000] {logging_mixin.py:190} INFO - [2025-03-19T20:22:45.976+0000] {dag.py:3239} INFO - Sync 1 DAGs
[2025-03-19T20:22:46.009+0000] {logging_mixin.py:190} INFO - [2025-03-19T20:22:46.009+0000] {dag.py:4180} INFO - Setting next_dagrun for extract_f1_drivers_to_s3 to 2025-03-19 00:00:00+00:00, run_after=2025-03-20 00:00:00+00:00
[2025-03-19T20:22:46.052+0000] {processor.py:208} INFO - Processing /opt/airflow/dags/dag.py took 0.158 seconds
[2025-03-19T20:23:16.310+0000] {processor.py:186} INFO - Started process (PID=619) to work on /opt/airflow/dags/dag.py
[2025-03-19T20:23:16.311+0000] {processor.py:914} INFO - Processing file /opt/airflow/dags/dag.py for tasks to queue
[2025-03-19T20:23:16.316+0000] {logging_mixin.py:190} INFO - [2025-03-19T20:23:16.315+0000] {dagbag.py:588} INFO - Filling up the DagBag from /opt/airflow/dags/dag.py
[2025-03-19T20:23:16.369+0000] {processor.py:925} INFO - DAG(s) 'extract_f1_drivers_to_s3' retrieved from /opt/airflow/dags/dag.py
[2025-03-19T20:23:16.412+0000] {logging_mixin.py:190} INFO - [2025-03-19T20:23:16.411+0000] {dag.py:3239} INFO - Sync 1 DAGs
[2025-03-19T20:23:16.488+0000] {logging_mixin.py:190} INFO - [2025-03-19T20:23:16.487+0000] {dag.py:4180} INFO - Setting next_dagrun for extract_f1_drivers_to_s3 to 2025-03-19 00:00:00+00:00, run_after=2025-03-20 00:00:00+00:00
[2025-03-19T20:23:16.549+0000] {processor.py:208} INFO - Processing /opt/airflow/dags/dag.py took 0.251 seconds
[2025-03-19T20:23:46.676+0000] {processor.py:186} INFO - Started process (PID=626) to work on /opt/airflow/dags/dag.py
[2025-03-19T20:23:46.678+0000] {processor.py:914} INFO - Processing file /opt/airflow/dags/dag.py for tasks to queue
[2025-03-19T20:23:46.684+0000] {logging_mixin.py:190} INFO - [2025-03-19T20:23:46.683+0000] {dagbag.py:588} INFO - Filling up the DagBag from /opt/airflow/dags/dag.py
[2025-03-19T20:23:46.719+0000] {processor.py:925} INFO - DAG(s) 'extract_f1_drivers_to_s3' retrieved from /opt/airflow/dags/dag.py
[2025-03-19T20:23:46.770+0000] {logging_mixin.py:190} INFO - [2025-03-19T20:23:46.769+0000] {dag.py:3239} INFO - Sync 1 DAGs
[2025-03-19T20:23:46.808+0000] {logging_mixin.py:190} INFO - [2025-03-19T20:23:46.807+0000] {dag.py:4180} INFO - Setting next_dagrun for extract_f1_drivers_to_s3 to 2025-03-19 00:00:00+00:00, run_after=2025-03-20 00:00:00+00:00
[2025-03-19T20:23:46.857+0000] {processor.py:208} INFO - Processing /opt/airflow/dags/dag.py took 0.192 seconds
[2025-03-19T20:24:17.236+0000] {processor.py:186} INFO - Started process (PID=633) to work on /opt/airflow/dags/dag.py
[2025-03-19T20:24:17.238+0000] {processor.py:914} INFO - Processing file /opt/airflow/dags/dag.py for tasks to queue
[2025-03-19T20:24:17.244+0000] {logging_mixin.py:190} INFO - [2025-03-19T20:24:17.243+0000] {dagbag.py:588} INFO - Filling up the DagBag from /opt/airflow/dags/dag.py
[2025-03-19T20:24:17.285+0000] {processor.py:925} INFO - DAG(s) 'extract_f1_drivers_to_s3' retrieved from /opt/airflow/dags/dag.py
[2025-03-19T20:24:17.335+0000] {logging_mixin.py:190} INFO - [2025-03-19T20:24:17.334+0000] {dag.py:3239} INFO - Sync 1 DAGs
[2025-03-19T20:24:17.385+0000] {logging_mixin.py:190} INFO - [2025-03-19T20:24:17.384+0000] {dag.py:4180} INFO - Setting next_dagrun for extract_f1_drivers_to_s3 to 2025-03-19 00:00:00+00:00, run_after=2025-03-20 00:00:00+00:00
[2025-03-19T20:24:17.442+0000] {processor.py:208} INFO - Processing /opt/airflow/dags/dag.py took 0.217 seconds
[2025-03-19T20:24:47.599+0000] {processor.py:186} INFO - Started process (PID=640) to work on /opt/airflow/dags/dag.py
[2025-03-19T20:24:47.600+0000] {processor.py:914} INFO - Processing file /opt/airflow/dags/dag.py for tasks to queue
[2025-03-19T20:24:47.607+0000] {logging_mixin.py:190} INFO - [2025-03-19T20:24:47.607+0000] {dagbag.py:588} INFO - Filling up the DagBag from /opt/airflow/dags/dag.py
[2025-03-19T20:24:47.643+0000] {processor.py:925} INFO - DAG(s) 'extract_f1_drivers_to_s3' retrieved from /opt/airflow/dags/dag.py
[2025-03-19T20:24:47.692+0000] {logging_mixin.py:190} INFO - [2025-03-19T20:24:47.692+0000] {dag.py:3239} INFO - Sync 1 DAGs
[2025-03-19T20:24:47.748+0000] {logging_mixin.py:190} INFO - [2025-03-19T20:24:47.747+0000] {dag.py:4180} INFO - Setting next_dagrun for extract_f1_drivers_to_s3 to 2025-03-19 00:00:00+00:00, run_after=2025-03-20 00:00:00+00:00
[2025-03-19T20:24:47.805+0000] {processor.py:208} INFO - Processing /opt/airflow/dags/dag.py took 0.215 seconds
[2025-03-19T20:25:18.136+0000] {processor.py:186} INFO - Started process (PID=647) to work on /opt/airflow/dags/dag.py
[2025-03-19T20:25:18.138+0000] {processor.py:914} INFO - Processing file /opt/airflow/dags/dag.py for tasks to queue
[2025-03-19T20:25:18.143+0000] {logging_mixin.py:190} INFO - [2025-03-19T20:25:18.142+0000] {dagbag.py:588} INFO - Filling up the DagBag from /opt/airflow/dags/dag.py
[2025-03-19T20:25:18.175+0000] {processor.py:925} INFO - DAG(s) 'extract_f1_drivers_to_s3' retrieved from /opt/airflow/dags/dag.py
[2025-03-19T20:25:18.210+0000] {logging_mixin.py:190} INFO - [2025-03-19T20:25:18.209+0000] {dag.py:3239} INFO - Sync 1 DAGs
[2025-03-19T20:25:18.245+0000] {logging_mixin.py:190} INFO - [2025-03-19T20:25:18.245+0000] {dag.py:4180} INFO - Setting next_dagrun for extract_f1_drivers_to_s3 to 2025-03-19 00:00:00+00:00, run_after=2025-03-20 00:00:00+00:00
[2025-03-19T20:25:18.287+0000] {processor.py:208} INFO - Processing /opt/airflow/dags/dag.py took 0.163 seconds
[2025-03-19T20:25:48.451+0000] {processor.py:186} INFO - Started process (PID=654) to work on /opt/airflow/dags/dag.py
[2025-03-19T20:25:48.453+0000] {processor.py:914} INFO - Processing file /opt/airflow/dags/dag.py for tasks to queue
[2025-03-19T20:25:48.458+0000] {logging_mixin.py:190} INFO - [2025-03-19T20:25:48.458+0000] {dagbag.py:588} INFO - Filling up the DagBag from /opt/airflow/dags/dag.py
[2025-03-19T20:25:48.491+0000] {processor.py:925} INFO - DAG(s) 'extract_f1_drivers_to_s3' retrieved from /opt/airflow/dags/dag.py
[2025-03-19T20:25:48.530+0000] {logging_mixin.py:190} INFO - [2025-03-19T20:25:48.530+0000] {dag.py:3239} INFO - Sync 1 DAGs
[2025-03-19T20:25:48.566+0000] {logging_mixin.py:190} INFO - [2025-03-19T20:25:48.566+0000] {dag.py:4180} INFO - Setting next_dagrun for extract_f1_drivers_to_s3 to 2025-03-19 00:00:00+00:00, run_after=2025-03-20 00:00:00+00:00
[2025-03-19T20:25:48.611+0000] {processor.py:208} INFO - Processing /opt/airflow/dags/dag.py took 0.169 seconds
[2025-03-19T20:26:18.920+0000] {processor.py:186} INFO - Started process (PID=661) to work on /opt/airflow/dags/dag.py
[2025-03-19T20:26:18.922+0000] {processor.py:914} INFO - Processing file /opt/airflow/dags/dag.py for tasks to queue
[2025-03-19T20:26:18.927+0000] {logging_mixin.py:190} INFO - [2025-03-19T20:26:18.926+0000] {dagbag.py:588} INFO - Filling up the DagBag from /opt/airflow/dags/dag.py
[2025-03-19T20:26:18.959+0000] {processor.py:925} INFO - DAG(s) 'extract_f1_drivers_to_s3' retrieved from /opt/airflow/dags/dag.py
[2025-03-19T20:26:18.998+0000] {logging_mixin.py:190} INFO - [2025-03-19T20:26:18.998+0000] {dag.py:3239} INFO - Sync 1 DAGs
[2025-03-19T20:26:19.034+0000] {logging_mixin.py:190} INFO - [2025-03-19T20:26:19.033+0000] {dag.py:4180} INFO - Setting next_dagrun for extract_f1_drivers_to_s3 to 2025-03-19 00:00:00+00:00, run_after=2025-03-20 00:00:00+00:00
[2025-03-19T20:26:19.082+0000] {processor.py:208} INFO - Processing /opt/airflow/dags/dag.py took 0.169 seconds
[2025-03-19T20:26:49.228+0000] {processor.py:186} INFO - Started process (PID=668) to work on /opt/airflow/dags/dag.py
[2025-03-19T20:26:49.230+0000] {processor.py:914} INFO - Processing file /opt/airflow/dags/dag.py for tasks to queue
[2025-03-19T20:26:49.234+0000] {logging_mixin.py:190} INFO - [2025-03-19T20:26:49.234+0000] {dagbag.py:588} INFO - Filling up the DagBag from /opt/airflow/dags/dag.py
[2025-03-19T20:26:49.267+0000] {processor.py:925} INFO - DAG(s) 'extract_f1_drivers_to_s3' retrieved from /opt/airflow/dags/dag.py
[2025-03-19T20:26:49.306+0000] {logging_mixin.py:190} INFO - [2025-03-19T20:26:49.306+0000] {dag.py:3239} INFO - Sync 1 DAGs
[2025-03-19T20:26:49.343+0000] {logging_mixin.py:190} INFO - [2025-03-19T20:26:49.343+0000] {dag.py:4180} INFO - Setting next_dagrun for extract_f1_drivers_to_s3 to 2025-03-19 00:00:00+00:00, run_after=2025-03-20 00:00:00+00:00
[2025-03-19T20:26:49.391+0000] {processor.py:208} INFO - Processing /opt/airflow/dags/dag.py took 0.172 seconds
[2025-03-19T20:27:19.703+0000] {processor.py:186} INFO - Started process (PID=675) to work on /opt/airflow/dags/dag.py
[2025-03-19T20:27:19.705+0000] {processor.py:914} INFO - Processing file /opt/airflow/dags/dag.py for tasks to queue
[2025-03-19T20:27:19.710+0000] {logging_mixin.py:190} INFO - [2025-03-19T20:27:19.709+0000] {dagbag.py:588} INFO - Filling up the DagBag from /opt/airflow/dags/dag.py
[2025-03-19T20:27:19.745+0000] {processor.py:925} INFO - DAG(s) 'extract_f1_drivers_to_s3' retrieved from /opt/airflow/dags/dag.py
[2025-03-19T20:27:19.784+0000] {logging_mixin.py:190} INFO - [2025-03-19T20:27:19.783+0000] {dag.py:3239} INFO - Sync 1 DAGs
[2025-03-19T20:27:19.822+0000] {logging_mixin.py:190} INFO - [2025-03-19T20:27:19.821+0000] {dag.py:4180} INFO - Setting next_dagrun for extract_f1_drivers_to_s3 to 2025-03-19 00:00:00+00:00, run_after=2025-03-20 00:00:00+00:00
[2025-03-19T20:27:19.868+0000] {processor.py:208} INFO - Processing /opt/airflow/dags/dag.py took 0.173 seconds
[2025-03-19T20:27:50.019+0000] {processor.py:186} INFO - Started process (PID=682) to work on /opt/airflow/dags/dag.py
[2025-03-19T20:27:50.020+0000] {processor.py:914} INFO - Processing file /opt/airflow/dags/dag.py for tasks to queue
[2025-03-19T20:27:50.024+0000] {logging_mixin.py:190} INFO - [2025-03-19T20:27:50.023+0000] {dagbag.py:588} INFO - Filling up the DagBag from /opt/airflow/dags/dag.py
[2025-03-19T20:27:50.045+0000] {processor.py:925} INFO - DAG(s) 'extract_f1_drivers_to_s3' retrieved from /opt/airflow/dags/dag.py
[2025-03-19T20:27:50.067+0000] {logging_mixin.py:190} INFO - [2025-03-19T20:27:50.067+0000] {dag.py:3239} INFO - Sync 1 DAGs
[2025-03-19T20:27:50.092+0000] {logging_mixin.py:190} INFO - [2025-03-19T20:27:50.092+0000] {dag.py:4180} INFO - Setting next_dagrun for extract_f1_drivers_to_s3 to 2025-03-19 00:00:00+00:00, run_after=2025-03-20 00:00:00+00:00
[2025-03-19T20:27:50.129+0000] {processor.py:208} INFO - Processing /opt/airflow/dags/dag.py took 0.115 seconds
[2025-03-19T20:28:20.341+0000] {processor.py:186} INFO - Started process (PID=689) to work on /opt/airflow/dags/dag.py
[2025-03-19T20:28:20.343+0000] {processor.py:914} INFO - Processing file /opt/airflow/dags/dag.py for tasks to queue
[2025-03-19T20:28:20.348+0000] {logging_mixin.py:190} INFO - [2025-03-19T20:28:20.347+0000] {dagbag.py:588} INFO - Filling up the DagBag from /opt/airflow/dags/dag.py
[2025-03-19T20:28:20.379+0000] {processor.py:925} INFO - DAG(s) 'extract_f1_drivers_to_s3' retrieved from /opt/airflow/dags/dag.py
[2025-03-19T20:28:20.414+0000] {logging_mixin.py:190} INFO - [2025-03-19T20:28:20.414+0000] {dag.py:3239} INFO - Sync 1 DAGs
[2025-03-19T20:28:20.448+0000] {logging_mixin.py:190} INFO - [2025-03-19T20:28:20.448+0000] {dag.py:4180} INFO - Setting next_dagrun for extract_f1_drivers_to_s3 to 2025-03-19 00:00:00+00:00, run_after=2025-03-20 00:00:00+00:00
[2025-03-19T20:28:20.477+0000] {processor.py:208} INFO - Processing /opt/airflow/dags/dag.py took 0.145 seconds
[2025-03-19T20:28:50.789+0000] {processor.py:186} INFO - Started process (PID=696) to work on /opt/airflow/dags/dag.py
[2025-03-19T20:28:50.791+0000] {processor.py:914} INFO - Processing file /opt/airflow/dags/dag.py for tasks to queue
[2025-03-19T20:28:50.795+0000] {logging_mixin.py:190} INFO - [2025-03-19T20:28:50.795+0000] {dagbag.py:588} INFO - Filling up the DagBag from /opt/airflow/dags/dag.py
[2025-03-19T20:28:50.828+0000] {processor.py:925} INFO - DAG(s) 'extract_f1_drivers_to_s3' retrieved from /opt/airflow/dags/dag.py
[2025-03-19T20:28:50.867+0000] {logging_mixin.py:190} INFO - [2025-03-19T20:28:50.866+0000] {dag.py:3239} INFO - Sync 1 DAGs
[2025-03-19T20:28:50.903+0000] {logging_mixin.py:190} INFO - [2025-03-19T20:28:50.903+0000] {dag.py:4180} INFO - Setting next_dagrun for extract_f1_drivers_to_s3 to 2025-03-19 00:00:00+00:00, run_after=2025-03-20 00:00:00+00:00
[2025-03-19T20:28:50.954+0000] {processor.py:208} INFO - Processing /opt/airflow/dags/dag.py took 0.174 seconds
[2025-03-19T20:29:21.125+0000] {processor.py:186} INFO - Started process (PID=703) to work on /opt/airflow/dags/dag.py
[2025-03-19T20:29:21.127+0000] {processor.py:914} INFO - Processing file /opt/airflow/dags/dag.py for tasks to queue
[2025-03-19T20:29:21.133+0000] {logging_mixin.py:190} INFO - [2025-03-19T20:29:21.132+0000] {dagbag.py:588} INFO - Filling up the DagBag from /opt/airflow/dags/dag.py
[2025-03-19T20:29:21.162+0000] {processor.py:925} INFO - DAG(s) 'extract_f1_drivers_to_s3' retrieved from /opt/airflow/dags/dag.py
[2025-03-19T20:29:21.191+0000] {logging_mixin.py:190} INFO - [2025-03-19T20:29:21.190+0000] {dag.py:3239} INFO - Sync 1 DAGs
[2025-03-19T20:29:21.220+0000] {logging_mixin.py:190} INFO - [2025-03-19T20:29:21.220+0000] {dag.py:4180} INFO - Setting next_dagrun for extract_f1_drivers_to_s3 to 2025-03-19 00:00:00+00:00, run_after=2025-03-20 00:00:00+00:00
[2025-03-19T20:29:21.253+0000] {processor.py:208} INFO - Processing /opt/airflow/dags/dag.py took 0.140 seconds
[2025-03-19T20:29:51.571+0000] {processor.py:186} INFO - Started process (PID=710) to work on /opt/airflow/dags/dag.py
[2025-03-19T20:29:51.574+0000] {processor.py:914} INFO - Processing file /opt/airflow/dags/dag.py for tasks to queue
[2025-03-19T20:29:51.579+0000] {logging_mixin.py:190} INFO - [2025-03-19T20:29:51.578+0000] {dagbag.py:588} INFO - Filling up the DagBag from /opt/airflow/dags/dag.py
[2025-03-19T20:29:51.631+0000] {processor.py:925} INFO - DAG(s) 'extract_f1_drivers_to_s3' retrieved from /opt/airflow/dags/dag.py
[2025-03-19T20:29:51.674+0000] {logging_mixin.py:190} INFO - [2025-03-19T20:29:51.673+0000] {dag.py:3239} INFO - Sync 1 DAGs
[2025-03-19T20:29:51.727+0000] {logging_mixin.py:190} INFO - [2025-03-19T20:29:51.726+0000] {dag.py:4180} INFO - Setting next_dagrun for extract_f1_drivers_to_s3 to 2025-03-19 00:00:00+00:00, run_after=2025-03-20 00:00:00+00:00
[2025-03-19T20:29:51.778+0000] {processor.py:208} INFO - Processing /opt/airflow/dags/dag.py took 0.221 seconds
