[2025-03-19T19:43:44.562+0000] {manager.py:483} INFO - Processing files using up to 2 processes at a time 
[2025-03-19T19:43:44.563+0000] {manager.py:484} INFO - Process each file at most once every 30 seconds
[2025-03-19T19:43:44.564+0000] {manager.py:485} INFO - Checking for new files in /opt/airflow/dags every 300 seconds
[2025-03-19T19:43:44.565+0000] {manager.py:821} INFO - Searching for files in /opt/airflow/dags
[2025-03-19T19:43:44.602+0000] {manager.py:824} INFO - There are 1 files in /opt/airflow/dags
[2025-03-19T19:43:45.216+0000] {manager.py:997} INFO - 
================================================================================
DAG File Processing Stats

File Path                   PID  Runtime      # DAGs    # Errors  Last Runtime    Last Run      Last # of DB Queries
------------------------  -----  ---------  --------  ----------  --------------  ----------  ----------------------
/opt/airflow/dags/dag.py     67  0.03s             0           0                                                   0
================================================================================
[2025-03-19T19:44:15.463+0000] {manager.py:997} INFO - 
================================================================================
DAG File Processing Stats

File Path                 PID    Runtime      # DAGs    # Errors  Last Runtime    Last Run               Last # of DB Queries
------------------------  -----  ---------  --------  ----------  --------------  -------------------  ----------------------
/opt/airflow/dags/dag.py                           1           0  0.50s           2025-03-19T19:43:45                      45
================================================================================
[2025-03-19T19:44:46.217+0000] {manager.py:997} INFO - 
================================================================================
DAG File Processing Stats

File Path                   PID  Runtime      # DAGs    # Errors  Last Runtime    Last Run               Last # of DB Queries
------------------------  -----  ---------  --------  ----------  --------------  -------------------  ----------------------
/opt/airflow/dags/dag.py     81  0.01s             1           0  0.21s           2025-03-19T19:44:16                      12
================================================================================
[2025-03-19T19:45:16.684+0000] {manager.py:997} INFO - 
================================================================================
DAG File Processing Stats

File Path                   PID  Runtime      # DAGs    # Errors  Last Runtime    Last Run               Last # of DB Queries
------------------------  -----  ---------  --------  ----------  --------------  -------------------  ----------------------
/opt/airflow/dags/dag.py     88  0.01s             1           0  0.27s           2025-03-19T19:44:46                      12
================================================================================
[2025-03-19T19:45:47.056+0000] {manager.py:997} INFO - 
================================================================================
DAG File Processing Stats

File Path                   PID  Runtime      # DAGs    # Errors  Last Runtime    Last Run               Last # of DB Queries
------------------------  -----  ---------  --------  ----------  --------------  -------------------  ----------------------
/opt/airflow/dags/dag.py     95  0.01s             1           0  0.24s           2025-03-19T19:45:16                      12
================================================================================
[2025-03-19T19:46:17.444+0000] {manager.py:997} INFO - 
================================================================================
DAG File Processing Stats

File Path                   PID  Runtime      # DAGs    # Errors  Last Runtime    Last Run               Last # of DB Queries
------------------------  -----  ---------  --------  ----------  --------------  -------------------  ----------------------
/opt/airflow/dags/dag.py    102  0.01s             1           0  0.19s           2025-03-19T19:45:47                      12
================================================================================
[2025-03-19T19:46:47.767+0000] {manager.py:997} INFO - 
================================================================================
DAG File Processing Stats

File Path                   PID  Runtime      # DAGs    # Errors  Last Runtime    Last Run               Last # of DB Queries
------------------------  -----  ---------  --------  ----------  --------------  -------------------  ----------------------
/opt/airflow/dags/dag.py    109  0.01s             1           0  0.19s           2025-03-19T19:46:17                      12
================================================================================
[2025-03-19T19:47:18.168+0000] {manager.py:997} INFO - 
================================================================================
DAG File Processing Stats

File Path                   PID  Runtime      # DAGs    # Errors  Last Runtime    Last Run               Last # of DB Queries
------------------------  -----  ---------  --------  ----------  --------------  -------------------  ----------------------
/opt/airflow/dags/dag.py    116  0.01s             1           0  0.20s           2025-03-19T19:46:47                      12
================================================================================
[2025-03-19T19:47:48.453+0000] {manager.py:997} INFO - 
================================================================================
DAG File Processing Stats

File Path                 PID    Runtime      # DAGs    # Errors  Last Runtime    Last Run               Last # of DB Queries
------------------------  -----  ---------  --------  ----------  --------------  -------------------  ----------------------
/opt/airflow/dags/dag.py                           1           0  0.40s           2025-03-19T19:47:18                      12
================================================================================
[2025-03-19T19:48:18.537+0000] {manager.py:997} INFO - 
================================================================================
DAG File Processing Stats

File Path                 PID    Runtime      # DAGs    # Errors  Last Runtime    Last Run               Last # of DB Queries
------------------------  -----  ---------  --------  ----------  --------------  -------------------  ----------------------
/opt/airflow/dags/dag.py                           1           0  0.43s           2025-03-19T19:47:49                      12
================================================================================
[2025-03-19T19:48:44.792+0000] {manager.py:821} INFO - Searching for files in /opt/airflow/dags
[2025-03-19T19:48:44.817+0000] {manager.py:824} INFO - There are 1 files in /opt/airflow/dags
[2025-03-19T19:48:49.106+0000] {manager.py:997} INFO - 
================================================================================
DAG File Processing Stats

File Path                 PID    Runtime      # DAGs    # Errors  Last Runtime    Last Run               Last # of DB Queries
------------------------  -----  ---------  --------  ----------  --------------  -------------------  ----------------------
/opt/airflow/dags/dag.py                           1           0  0.38s           2025-03-19T19:48:19                      12
================================================================================
[2025-03-19T19:49:19.482+0000] {manager.py:997} INFO - 
================================================================================
DAG File Processing Stats

File Path                 PID    Runtime      # DAGs    # Errors  Last Runtime    Last Run               Last # of DB Queries
------------------------  -----  ---------  --------  ----------  --------------  -------------------  ----------------------
/opt/airflow/dags/dag.py                           1           0  0.20s           2025-03-19T19:48:50                      12
================================================================================
[2025-03-19T19:49:49.847+0000] {manager.py:997} INFO - 
================================================================================
DAG File Processing Stats

File Path                 PID    Runtime      # DAGs    # Errors  Last Runtime    Last Run               Last # of DB Queries
------------------------  -----  ---------  --------  ----------  --------------  -------------------  ----------------------
/opt/airflow/dags/dag.py                           1           0  0.21s           2025-03-19T19:49:20                      12
================================================================================
[2025-03-19T19:50:20.216+0000] {manager.py:997} INFO - 
================================================================================
DAG File Processing Stats

File Path                 PID    Runtime      # DAGs    # Errors  Last Runtime    Last Run               Last # of DB Queries
------------------------  -----  ---------  --------  ----------  --------------  -------------------  ----------------------
/opt/airflow/dags/dag.py                           1           0  0.18s           2025-03-19T19:49:51                      12
================================================================================
[2025-03-19T19:50:50.581+0000] {manager.py:997} INFO - 
================================================================================
DAG File Processing Stats

File Path                 PID    Runtime      # DAGs    # Errors  Last Runtime    Last Run               Last # of DB Queries
------------------------  -----  ---------  --------  ----------  --------------  -------------------  ----------------------
/opt/airflow/dags/dag.py                           1           0  0.20s           2025-03-19T19:50:21                      12
================================================================================
[2025-03-19T19:51:20.996+0000] {manager.py:997} INFO - 
================================================================================
DAG File Processing Stats

File Path                 PID    Runtime      # DAGs    # Errors  Last Runtime    Last Run               Last # of DB Queries
------------------------  -----  ---------  --------  ----------  --------------  -------------------  ----------------------
/opt/airflow/dags/dag.py                           1           0  0.20s           2025-03-19T19:50:51                      12
================================================================================
[2025-03-19T19:51:51.321+0000] {manager.py:997} INFO - 
================================================================================
DAG File Processing Stats

File Path                 PID    Runtime      # DAGs    # Errors  Last Runtime    Last Run               Last # of DB Queries
------------------------  -----  ---------  --------  ----------  --------------  -------------------  ----------------------
/opt/airflow/dags/dag.py                           1           0  0.20s           2025-03-19T19:51:22                      12
================================================================================
[2025-03-19T19:52:21.759+0000] {manager.py:997} INFO - 
================================================================================
DAG File Processing Stats

File Path                 PID    Runtime      # DAGs    # Errors  Last Runtime    Last Run               Last # of DB Queries
------------------------  -----  ---------  --------  ----------  --------------  -------------------  ----------------------
/opt/airflow/dags/dag.py                           1           0  0.22s           2025-03-19T19:51:52                      12
================================================================================
[2025-03-19T19:52:52.098+0000] {manager.py:997} INFO - 
================================================================================
DAG File Processing Stats

File Path                 PID    Runtime      # DAGs    # Errors  Last Runtime    Last Run               Last # of DB Queries
------------------------  -----  ---------  --------  ----------  --------------  -------------------  ----------------------
/opt/airflow/dags/dag.py                           1           0  0.22s           2025-03-19T19:52:23                      12
================================================================================
[2025-03-19T19:53:22.521+0000] {manager.py:997} INFO - 
================================================================================
DAG File Processing Stats

File Path                 PID    Runtime      # DAGs    # Errors  Last Runtime    Last Run               Last # of DB Queries
------------------------  -----  ---------  --------  ----------  --------------  -------------------  ----------------------
/opt/airflow/dags/dag.py                           1           0  0.18s           2025-03-19T19:52:53                      12
================================================================================
[2025-03-19T19:53:44.896+0000] {manager.py:821} INFO - Searching for files in /opt/airflow/dags
[2025-03-19T19:53:44.922+0000] {manager.py:824} INFO - There are 1 files in /opt/airflow/dags
[2025-03-19T19:53:52.814+0000] {manager.py:997} INFO - 
================================================================================
DAG File Processing Stats

File Path                 PID    Runtime      # DAGs    # Errors  Last Runtime    Last Run               Last # of DB Queries
------------------------  -----  ---------  --------  ----------  --------------  -------------------  ----------------------
/opt/airflow/dags/dag.py                           1           0  0.17s           2025-03-19T19:53:23                      12
================================================================================
[2025-03-19T19:54:23.335+0000] {manager.py:997} INFO - 
================================================================================
DAG File Processing Stats

File Path                 PID    Runtime      # DAGs    # Errors  Last Runtime    Last Run               Last # of DB Queries
------------------------  -----  ---------  --------  ----------  --------------  -------------------  ----------------------
/opt/airflow/dags/dag.py                           1           0  0.20s           2025-03-19T19:53:54                      12
================================================================================
[2025-03-19T19:54:53.660+0000] {manager.py:997} INFO - 
================================================================================
DAG File Processing Stats

File Path                 PID    Runtime      # DAGs    # Errors  Last Runtime    Last Run               Last # of DB Queries
------------------------  -----  ---------  --------  ----------  --------------  -------------------  ----------------------
/opt/airflow/dags/dag.py                           1           0  0.20s           2025-03-19T19:54:24                      12
================================================================================
[2025-03-19T19:55:24.105+0000] {manager.py:997} INFO - 
================================================================================
DAG File Processing Stats

File Path                 PID    Runtime      # DAGs    # Errors  Last Runtime    Last Run               Last # of DB Queries
------------------------  -----  ---------  --------  ----------  --------------  -------------------  ----------------------
/opt/airflow/dags/dag.py                           1           0  0.17s           2025-03-19T19:54:54                      12
================================================================================
[2025-03-19T19:55:54.422+0000] {manager.py:997} INFO - 
================================================================================
DAG File Processing Stats

File Path                 PID    Runtime      # DAGs    # Errors  Last Runtime    Last Run               Last # of DB Queries
------------------------  -----  ---------  --------  ----------  --------------  -------------------  ----------------------
/opt/airflow/dags/dag.py                           1           0  0.22s           2025-03-19T19:55:25                      12
================================================================================
[2025-03-19T19:56:24.877+0000] {manager.py:997} INFO - 
================================================================================
DAG File Processing Stats

File Path                 PID    Runtime      # DAGs    # Errors  Last Runtime    Last Run               Last # of DB Queries
------------------------  -----  ---------  --------  ----------  --------------  -------------------  ----------------------
/opt/airflow/dags/dag.py                           1           0  0.20s           2025-03-19T19:55:55                      12
================================================================================
[2025-03-19T19:56:55.193+0000] {manager.py:997} INFO - 
================================================================================
DAG File Processing Stats

File Path                 PID    Runtime      # DAGs    # Errors  Last Runtime    Last Run               Last # of DB Queries
------------------------  -----  ---------  --------  ----------  --------------  -------------------  ----------------------
/opt/airflow/dags/dag.py                           1           0  0.20s           2025-03-19T19:56:26                      12
================================================================================
[2025-03-19T19:57:25.624+0000] {manager.py:997} INFO - 
================================================================================
DAG File Processing Stats

File Path                 PID    Runtime      # DAGs    # Errors  Last Runtime    Last Run               Last # of DB Queries
------------------------  -----  ---------  --------  ----------  --------------  -------------------  ----------------------
/opt/airflow/dags/dag.py                           1           0  0.23s           2025-03-19T19:56:56                      12
================================================================================
[2025-03-19T19:57:55.981+0000] {manager.py:997} INFO - 
================================================================================
DAG File Processing Stats

File Path                 PID    Runtime      # DAGs    # Errors  Last Runtime    Last Run               Last # of DB Queries
------------------------  -----  ---------  --------  ----------  --------------  -------------------  ----------------------
/opt/airflow/dags/dag.py                           1           0  0.19s           2025-03-19T19:57:26                      12
================================================================================
[2025-03-19T19:58:26.367+0000] {manager.py:997} INFO - 
================================================================================
DAG File Processing Stats

File Path                 PID    Runtime      # DAGs    # Errors  Last Runtime    Last Run               Last # of DB Queries
------------------------  -----  ---------  --------  ----------  --------------  -------------------  ----------------------
/opt/airflow/dags/dag.py                           1           0  0.19s           2025-03-19T19:57:57                      12
================================================================================
[2025-03-19T19:58:45.621+0000] {manager.py:821} INFO - Searching for files in /opt/airflow/dags
[2025-03-19T19:58:45.649+0000] {manager.py:824} INFO - There are 1 files in /opt/airflow/dags
[2025-03-19T19:58:56.759+0000] {manager.py:997} INFO - 
================================================================================
DAG File Processing Stats

File Path                 PID    Runtime      # DAGs    # Errors  Last Runtime    Last Run               Last # of DB Queries
------------------------  -----  ---------  --------  ----------  --------------  -------------------  ----------------------
/opt/airflow/dags/dag.py                           1           0  0.22s           2025-03-19T19:58:27                      12
================================================================================
[2025-03-19T19:59:27.153+0000] {manager.py:997} INFO - 
================================================================================
DAG File Processing Stats

File Path                 PID    Runtime      # DAGs    # Errors  Last Runtime    Last Run               Last # of DB Queries
------------------------  -----  ---------  --------  ----------  --------------  -------------------  ----------------------
/opt/airflow/dags/dag.py                           1           0  0.19s           2025-03-19T19:58:57                      12
================================================================================
[2025-03-19T19:59:57.498+0000] {manager.py:997} INFO - 
================================================================================
DAG File Processing Stats

File Path                 PID    Runtime      # DAGs    # Errors  Last Runtime    Last Run               Last # of DB Queries
------------------------  -----  ---------  --------  ----------  --------------  -------------------  ----------------------
/opt/airflow/dags/dag.py                           1           0  0.20s           2025-03-19T19:59:28                      12
================================================================================
[2025-03-19T20:00:27.915+0000] {manager.py:997} INFO - 
================================================================================
DAG File Processing Stats

File Path                 PID    Runtime      # DAGs    # Errors  Last Runtime    Last Run               Last # of DB Queries
------------------------  -----  ---------  --------  ----------  --------------  -------------------  ----------------------
/opt/airflow/dags/dag.py                           1           0  0.14s           2025-03-19T19:59:58                      12
================================================================================
[2025-03-19T20:00:58.227+0000] {manager.py:997} INFO - 
================================================================================
DAG File Processing Stats

File Path                 PID    Runtime      # DAGs    # Errors  Last Runtime    Last Run               Last # of DB Queries
------------------------  -----  ---------  --------  ----------  --------------  -------------------  ----------------------
/opt/airflow/dags/dag.py                           1           0  0.19s           2025-03-19T20:00:29                      12
================================================================================
[2025-03-19T20:01:28.653+0000] {manager.py:997} INFO - 
================================================================================
DAG File Processing Stats

File Path                 PID    Runtime      # DAGs    # Errors  Last Runtime    Last Run               Last # of DB Queries
------------------------  -----  ---------  --------  ----------  --------------  -------------------  ----------------------
/opt/airflow/dags/dag.py                           1           0  0.22s           2025-03-19T20:00:59                      12
================================================================================
[2025-03-19T20:01:58.984+0000] {manager.py:997} INFO - 
================================================================================
DAG File Processing Stats

File Path                 PID    Runtime      # DAGs    # Errors  Last Runtime    Last Run               Last # of DB Queries
------------------------  -----  ---------  --------  ----------  --------------  -------------------  ----------------------
/opt/airflow/dags/dag.py                           1           0  0.18s           2025-03-19T20:01:29                      12
================================================================================
[2025-03-19T20:02:29.406+0000] {manager.py:997} INFO - 
================================================================================
DAG File Processing Stats

File Path                 PID    Runtime      # DAGs    # Errors  Last Runtime    Last Run               Last # of DB Queries
------------------------  -----  ---------  --------  ----------  --------------  -------------------  ----------------------
/opt/airflow/dags/dag.py                           1           0  0.24s           2025-03-19T20:02:00                      12
================================================================================
[2025-03-19T20:02:59.795+0000] {manager.py:997} INFO - 
================================================================================
DAG File Processing Stats

File Path                 PID    Runtime      # DAGs    # Errors  Last Runtime    Last Run               Last # of DB Queries
------------------------  -----  ---------  --------  ----------  --------------  -------------------  ----------------------
/opt/airflow/dags/dag.py                           1           0  0.21s           2025-03-19T20:02:30                      12
================================================================================
[2025-03-19T20:03:30.180+0000] {manager.py:997} INFO - 
================================================================================
DAG File Processing Stats

File Path                 PID    Runtime      # DAGs    # Errors  Last Runtime    Last Run               Last # of DB Queries
------------------------  -----  ---------  --------  ----------  --------------  -------------------  ----------------------
/opt/airflow/dags/dag.py                           1           0  0.21s           2025-03-19T20:03:01                      12
================================================================================
[2025-03-19T20:03:46.422+0000] {manager.py:821} INFO - Searching for files in /opt/airflow/dags
[2025-03-19T20:03:46.450+0000] {manager.py:824} INFO - There are 1 files in /opt/airflow/dags
[2025-03-19T20:04:00.595+0000] {manager.py:997} INFO - 
================================================================================
DAG File Processing Stats

File Path                 PID    Runtime      # DAGs    # Errors  Last Runtime    Last Run               Last # of DB Queries
------------------------  -----  ---------  --------  ----------  --------------  -------------------  ----------------------
/opt/airflow/dags/dag.py                           1           0  0.20s           2025-03-19T20:03:31                      12
================================================================================
[2025-03-19T20:04:30.934+0000] {manager.py:997} INFO - 
================================================================================
DAG File Processing Stats

File Path                 PID    Runtime      # DAGs    # Errors  Last Runtime    Last Run               Last # of DB Queries
------------------------  -----  ---------  --------  ----------  --------------  -------------------  ----------------------
/opt/airflow/dags/dag.py                           1           0  0.20s           2025-03-19T20:04:01                      12
================================================================================
[2025-03-19T20:05:01.364+0000] {manager.py:997} INFO - 
================================================================================
DAG File Processing Stats

File Path                 PID    Runtime      # DAGs    # Errors  Last Runtime    Last Run               Last # of DB Queries
------------------------  -----  ---------  --------  ----------  --------------  -------------------  ----------------------
/opt/airflow/dags/dag.py                           1           0  0.20s           2025-03-19T20:04:32                      12
================================================================================
[2025-03-19T20:05:31.678+0000] {manager.py:997} INFO - 
================================================================================
DAG File Processing Stats

File Path                 PID    Runtime      # DAGs    # Errors  Last Runtime    Last Run               Last # of DB Queries
------------------------  -----  ---------  --------  ----------  --------------  -------------------  ----------------------
/opt/airflow/dags/dag.py                           1           0  0.19s           2025-03-19T20:05:02                      12
================================================================================
[2025-03-19T20:06:02.124+0000] {manager.py:997} INFO - 
================================================================================
DAG File Processing Stats

File Path                 PID    Runtime      # DAGs    # Errors  Last Runtime    Last Run               Last # of DB Queries
------------------------  -----  ---------  --------  ----------  --------------  -------------------  ----------------------
/opt/airflow/dags/dag.py                           1           0  0.18s           2025-03-19T20:05:32                      12
================================================================================
[2025-03-19T20:06:32.431+0000] {manager.py:997} INFO - 
================================================================================
DAG File Processing Stats

File Path                 PID    Runtime      # DAGs    # Errors  Last Runtime    Last Run               Last # of DB Queries
------------------------  -----  ---------  --------  ----------  --------------  -------------------  ----------------------
/opt/airflow/dags/dag.py                           1           0  0.16s           2025-03-19T20:06:03                      12
================================================================================
[2025-03-19T20:07:02.842+0000] {manager.py:997} INFO - 
================================================================================
DAG File Processing Stats

File Path                 PID    Runtime      # DAGs    # Errors  Last Runtime    Last Run               Last # of DB Queries
------------------------  -----  ---------  --------  ----------  --------------  -------------------  ----------------------
/opt/airflow/dags/dag.py                           1           0  0.21s           2025-03-19T20:06:33                      12
================================================================================
[2025-03-19T20:07:33.203+0000] {manager.py:997} INFO - 
================================================================================
DAG File Processing Stats

File Path                 PID    Runtime      # DAGs    # Errors  Last Runtime    Last Run               Last # of DB Queries
------------------------  -----  ---------  --------  ----------  --------------  -------------------  ----------------------
/opt/airflow/dags/dag.py                           1           0  0.22s           2025-03-19T20:07:04                      12
================================================================================
[2025-03-19T20:08:03.618+0000] {manager.py:997} INFO - 
================================================================================
DAG File Processing Stats

File Path                 PID    Runtime      # DAGs    # Errors  Last Runtime    Last Run               Last # of DB Queries
------------------------  -----  ---------  --------  ----------  --------------  -------------------  ----------------------
/opt/airflow/dags/dag.py                           1           0  0.22s           2025-03-19T20:07:34                      12
================================================================================
[2025-03-19T20:08:33.992+0000] {manager.py:997} INFO - 
================================================================================
DAG File Processing Stats

File Path                 PID    Runtime      # DAGs    # Errors  Last Runtime    Last Run               Last # of DB Queries
------------------------  -----  ---------  --------  ----------  --------------  -------------------  ----------------------
/opt/airflow/dags/dag.py                           1           0  0.18s           2025-03-19T20:08:04                      12
================================================================================
[2025-03-19T20:08:47.184+0000] {manager.py:821} INFO - Searching for files in /opt/airflow/dags
[2025-03-19T20:08:47.216+0000] {manager.py:824} INFO - There are 1 files in /opt/airflow/dags
[2025-03-19T20:09:04.392+0000] {manager.py:997} INFO - 
================================================================================
DAG File Processing Stats

File Path                 PID    Runtime      # DAGs    # Errors  Last Runtime    Last Run               Last # of DB Queries
------------------------  -----  ---------  --------  ----------  --------------  -------------------  ----------------------
/opt/airflow/dags/dag.py                           1           0  0.15s           2025-03-19T20:08:35                      12
================================================================================
[2025-03-19T20:09:34.728+0000] {manager.py:997} INFO - 
================================================================================
DAG File Processing Stats

File Path                 PID    Runtime      # DAGs    # Errors  Last Runtime    Last Run               Last # of DB Queries
------------------------  -----  ---------  --------  ----------  --------------  -------------------  ----------------------
/opt/airflow/dags/dag.py                           1           0  0.20s           2025-03-19T20:09:05                      12
================================================================================
[2025-03-19T20:10:05.167+0000] {manager.py:997} INFO - 
================================================================================
DAG File Processing Stats

File Path                 PID    Runtime      # DAGs    # Errors  Last Runtime    Last Run               Last # of DB Queries
------------------------  -----  ---------  --------  ----------  --------------  -------------------  ----------------------
/opt/airflow/dags/dag.py                           1           0  0.25s           2025-03-19T20:09:35                      12
================================================================================
[2025-03-19T20:10:35.522+0000] {manager.py:997} INFO - 
================================================================================
DAG File Processing Stats

File Path                 PID    Runtime      # DAGs    # Errors  Last Runtime    Last Run               Last # of DB Queries
------------------------  -----  ---------  --------  ----------  --------------  -------------------  ----------------------
/opt/airflow/dags/dag.py                           1           0  0.20s           2025-03-19T20:10:06                      12
================================================================================
[2025-03-19T20:11:05.923+0000] {manager.py:997} INFO - 
================================================================================
DAG File Processing Stats

File Path                 PID    Runtime      # DAGs    # Errors  Last Runtime    Last Run               Last # of DB Queries
------------------------  -----  ---------  --------  ----------  --------------  -------------------  ----------------------
/opt/airflow/dags/dag.py                           1           0  0.22s           2025-03-19T20:10:36                      12
================================================================================
[2025-03-19T20:11:36.324+0000] {manager.py:997} INFO - 
================================================================================
DAG File Processing Stats

File Path                 PID    Runtime      # DAGs    # Errors  Last Runtime    Last Run               Last # of DB Queries
------------------------  -----  ---------  --------  ----------  --------------  -------------------  ----------------------
/opt/airflow/dags/dag.py                           1           0  0.18s           2025-03-19T20:11:07                      12
================================================================================
[2025-03-19T20:12:06.658+0000] {manager.py:997} INFO - 
================================================================================
DAG File Processing Stats

File Path                 PID    Runtime      # DAGs    # Errors  Last Runtime    Last Run               Last # of DB Queries
------------------------  -----  ---------  --------  ----------  --------------  -------------------  ----------------------
/opt/airflow/dags/dag.py                           1           0  0.19s           2025-03-19T20:11:37                      12
================================================================================
[2025-03-19T20:12:37.071+0000] {manager.py:997} INFO - 
================================================================================
DAG File Processing Stats

File Path                 PID    Runtime      # DAGs    # Errors  Last Runtime    Last Run               Last # of DB Queries
------------------------  -----  ---------  --------  ----------  --------------  -------------------  ----------------------
/opt/airflow/dags/dag.py                           1           0  0.19s           2025-03-19T20:12:07                      12
================================================================================
[2025-03-19T20:13:07.404+0000] {manager.py:997} INFO - 
================================================================================
DAG File Processing Stats

File Path                 PID    Runtime      # DAGs    # Errors  Last Runtime    Last Run               Last # of DB Queries
------------------------  -----  ---------  --------  ----------  --------------  -------------------  ----------------------
/opt/airflow/dags/dag.py                           1           0  0.22s           2025-03-19T20:12:38                      12
================================================================================
[2025-03-19T20:13:37.865+0000] {manager.py:997} INFO - 
================================================================================
DAG File Processing Stats

File Path                 PID    Runtime      # DAGs    # Errors  Last Runtime    Last Run               Last # of DB Queries
------------------------  -----  ---------  --------  ----------  --------------  -------------------  ----------------------
/opt/airflow/dags/dag.py                           1           0  0.20s           2025-03-19T20:13:08                      12
================================================================================
[2025-03-19T20:13:47.995+0000] {manager.py:821} INFO - Searching for files in /opt/airflow/dags
[2025-03-19T20:13:48.030+0000] {manager.py:824} INFO - There are 1 files in /opt/airflow/dags
[2025-03-19T20:14:08.258+0000] {manager.py:997} INFO - 
================================================================================
DAG File Processing Stats

File Path                 PID    Runtime      # DAGs    # Errors  Last Runtime    Last Run               Last # of DB Queries
------------------------  -----  ---------  --------  ----------  --------------  -------------------  ----------------------
/opt/airflow/dags/dag.py                           1           0  0.16s           2025-03-19T20:13:39                      12
================================================================================
[2025-03-19T20:14:38.622+0000] {manager.py:997} INFO - 
================================================================================
DAG File Processing Stats

File Path                 PID    Runtime      # DAGs    # Errors  Last Runtime    Last Run               Last # of DB Queries
------------------------  -----  ---------  --------  ----------  --------------  -------------------  ----------------------
/opt/airflow/dags/dag.py                           1           0  0.20s           2025-03-19T20:14:09                      12
================================================================================
[2025-03-19T20:15:09.059+0000] {manager.py:997} INFO - 
================================================================================
DAG File Processing Stats

File Path                 PID    Runtime      # DAGs    # Errors  Last Runtime    Last Run               Last # of DB Queries
------------------------  -----  ---------  --------  ----------  --------------  -------------------  ----------------------
/opt/airflow/dags/dag.py                           1           0  0.20s           2025-03-19T20:14:39                      12
================================================================================
[2025-03-19T20:15:39.412+0000] {manager.py:997} INFO - 
================================================================================
DAG File Processing Stats

File Path                 PID    Runtime      # DAGs    # Errors  Last Runtime    Last Run               Last # of DB Queries
------------------------  -----  ---------  --------  ----------  --------------  -------------------  ----------------------
/opt/airflow/dags/dag.py                           1           0  0.18s           2025-03-19T20:15:10                      12
================================================================================
[2025-03-19T20:16:09.833+0000] {manager.py:997} INFO - 
================================================================================
DAG File Processing Stats

File Path                 PID    Runtime      # DAGs    # Errors  Last Runtime    Last Run               Last # of DB Queries
------------------------  -----  ---------  --------  ----------  --------------  -------------------  ----------------------
/opt/airflow/dags/dag.py                           1           0  0.21s           2025-03-19T20:15:40                      12
================================================================================
[2025-03-19T20:16:40.192+0000] {manager.py:997} INFO - 
================================================================================
DAG File Processing Stats

File Path                 PID    Runtime      # DAGs    # Errors  Last Runtime    Last Run               Last # of DB Queries
------------------------  -----  ---------  --------  ----------  --------------  -------------------  ----------------------
/opt/airflow/dags/dag.py                           1           0  0.19s           2025-03-19T20:16:11                      12
================================================================================
[2025-03-19T20:17:10.605+0000] {manager.py:997} INFO - 
================================================================================
DAG File Processing Stats

File Path                 PID    Runtime      # DAGs    # Errors  Last Runtime    Last Run               Last # of DB Queries
------------------------  -----  ---------  --------  ----------  --------------  -------------------  ----------------------
/opt/airflow/dags/dag.py                           1           0  0.17s           2025-03-19T20:16:41                      12
================================================================================
[2025-03-19T20:17:40.933+0000] {manager.py:997} INFO - 
================================================================================
DAG File Processing Stats

File Path                 PID    Runtime      # DAGs    # Errors  Last Runtime    Last Run               Last # of DB Queries
------------------------  -----  ---------  --------  ----------  --------------  -------------------  ----------------------
/opt/airflow/dags/dag.py                           1           0  0.18s           2025-03-19T20:17:11                      12
================================================================================
[2025-03-19T20:18:11.368+0000] {manager.py:997} INFO - 
================================================================================
DAG File Processing Stats

File Path                 PID    Runtime      # DAGs    # Errors  Last Runtime    Last Run               Last # of DB Queries
------------------------  -----  ---------  --------  ----------  --------------  -------------------  ----------------------
/opt/airflow/dags/dag.py                           1           0  0.20s           2025-03-19T20:17:42                      12
================================================================================
[2025-03-19T20:18:41.690+0000] {manager.py:997} INFO - 
================================================================================
DAG File Processing Stats

File Path                 PID    Runtime      # DAGs    # Errors  Last Runtime    Last Run               Last # of DB Queries
------------------------  -----  ---------  --------  ----------  --------------  -------------------  ----------------------
/opt/airflow/dags/dag.py                           1           0  0.20s           2025-03-19T20:18:12                      12
================================================================================
[2025-03-19T20:18:48.905+0000] {manager.py:821} INFO - Searching for files in /opt/airflow/dags
[2025-03-19T20:18:48.936+0000] {manager.py:824} INFO - There are 1 files in /opt/airflow/dags
[2025-03-19T20:19:12.186+0000] {manager.py:997} INFO - 
================================================================================
DAG File Processing Stats

File Path                 PID    Runtime      # DAGs    # Errors  Last Runtime    Last Run               Last # of DB Queries
------------------------  -----  ---------  --------  ----------  --------------  -------------------  ----------------------
/opt/airflow/dags/dag.py                           1           0  0.15s           2025-03-19T20:18:42                      12
================================================================================
[2025-03-19T20:19:42.484+0000] {manager.py:997} INFO - 
================================================================================
DAG File Processing Stats

File Path                 PID    Runtime      # DAGs    # Errors  Last Runtime    Last Run               Last # of DB Queries
------------------------  -----  ---------  --------  ----------  --------------  -------------------  ----------------------
/opt/airflow/dags/dag.py                           1           0  0.16s           2025-03-19T20:19:13                      12
================================================================================
[2025-03-19T20:20:12.901+0000] {manager.py:997} INFO - 
================================================================================
DAG File Processing Stats

File Path                 PID    Runtime      # DAGs    # Errors  Last Runtime    Last Run               Last # of DB Queries
------------------------  -----  ---------  --------  ----------  --------------  -------------------  ----------------------
/opt/airflow/dags/dag.py                           1           0  0.19s           2025-03-19T20:19:43                      12
================================================================================
[2025-03-19T20:20:43.216+0000] {manager.py:997} INFO - 
================================================================================
DAG File Processing Stats

File Path                 PID    Runtime      # DAGs    # Errors  Last Runtime    Last Run               Last # of DB Queries
------------------------  -----  ---------  --------  ----------  --------------  -------------------  ----------------------
/opt/airflow/dags/dag.py                           1           0  0.21s           2025-03-19T20:20:14                      12
================================================================================
[2025-03-19T20:21:13.699+0000] {manager.py:997} INFO - 
================================================================================
DAG File Processing Stats

File Path                 PID    Runtime      # DAGs    # Errors  Last Runtime    Last Run               Last # of DB Queries
------------------------  -----  ---------  --------  ----------  --------------  -------------------  ----------------------
/opt/airflow/dags/dag.py                           1           0  0.23s           2025-03-19T20:20:44                      12
================================================================================
[2025-03-19T20:21:44.025+0000] {manager.py:997} INFO - 
================================================================================
DAG File Processing Stats

File Path                 PID    Runtime      # DAGs    # Errors  Last Runtime    Last Run               Last # of DB Queries
------------------------  -----  ---------  --------  ----------  --------------  -------------------  ----------------------
/opt/airflow/dags/dag.py                           1           0  0.23s           2025-03-19T20:21:14                      12
================================================================================
[2025-03-19T20:22:14.521+0000] {manager.py:997} INFO - 
================================================================================
DAG File Processing Stats

File Path                 PID    Runtime      # DAGs    # Errors  Last Runtime    Last Run               Last # of DB Queries
------------------------  -----  ---------  --------  ----------  --------------  -------------------  ----------------------
/opt/airflow/dags/dag.py                           1           0  0.20s           2025-03-19T20:21:45                      12
================================================================================
[2025-03-19T20:22:44.844+0000] {manager.py:997} INFO - 
================================================================================
DAG File Processing Stats

File Path                 PID    Runtime      # DAGs    # Errors  Last Runtime    Last Run               Last # of DB Queries
------------------------  -----  ---------  --------  ----------  --------------  -------------------  ----------------------
/opt/airflow/dags/dag.py                           1           0  0.16s           2025-03-19T20:22:15                      12
================================================================================
[2025-03-19T20:23:15.245+0000] {manager.py:997} INFO - 
================================================================================
DAG File Processing Stats

File Path                 PID    Runtime      # DAGs    # Errors  Last Runtime    Last Run               Last # of DB Queries
------------------------  -----  ---------  --------  ----------  --------------  -------------------  ----------------------
/opt/airflow/dags/dag.py                           1           0  0.20s           2025-03-19T20:22:46                      12
================================================================================
[2025-03-19T20:23:45.610+0000] {manager.py:997} INFO - 
================================================================================
DAG File Processing Stats

File Path                 PID    Runtime      # DAGs    # Errors  Last Runtime    Last Run               Last # of DB Queries
------------------------  -----  ---------  --------  ----------  --------------  -------------------  ----------------------
/opt/airflow/dags/dag.py                           1           0  0.30s           2025-03-19T20:23:16                      12
================================================================================
[2025-03-19T20:23:49.847+0000] {manager.py:821} INFO - Searching for files in /opt/airflow/dags
[2025-03-19T20:23:49.879+0000] {manager.py:824} INFO - There are 1 files in /opt/airflow/dags
[2025-03-19T20:24:16.171+0000] {manager.py:997} INFO - 
================================================================================
DAG File Processing Stats

File Path                 PID    Runtime      # DAGs    # Errors  Last Runtime    Last Run               Last # of DB Queries
------------------------  -----  ---------  --------  ----------  --------------  -------------------  ----------------------
/opt/airflow/dags/dag.py                           1           0  0.24s           2025-03-19T20:23:46                      12
================================================================================
[2025-03-19T20:24:46.539+0000] {manager.py:997} INFO - 
================================================================================
DAG File Processing Stats

File Path                 PID    Runtime      # DAGs    # Errors  Last Runtime    Last Run               Last # of DB Queries
------------------------  -----  ---------  --------  ----------  --------------  -------------------  ----------------------
/opt/airflow/dags/dag.py                           1           0  0.26s           2025-03-19T20:24:17                      12
================================================================================
[2025-03-19T20:25:17.067+0000] {manager.py:997} INFO - 
================================================================================
DAG File Processing Stats

File Path                 PID    Runtime      # DAGs    # Errors  Last Runtime    Last Run               Last # of DB Queries
------------------------  -----  ---------  --------  ----------  --------------  -------------------  ----------------------
/opt/airflow/dags/dag.py                           1           0  0.26s           2025-03-19T20:24:47                      12
================================================================================
[2025-03-19T20:25:47.394+0000] {manager.py:997} INFO - 
================================================================================
DAG File Processing Stats

File Path                 PID    Runtime      # DAGs    # Errors  Last Runtime    Last Run               Last # of DB Queries
------------------------  -----  ---------  --------  ----------  --------------  -------------------  ----------------------
/opt/airflow/dags/dag.py                           1           0  0.21s           2025-03-19T20:25:18                      12
================================================================================
[2025-03-19T20:26:17.861+0000] {manager.py:997} INFO - 
================================================================================
DAG File Processing Stats

File Path                 PID    Runtime      # DAGs    # Errors  Last Runtime    Last Run               Last # of DB Queries
------------------------  -----  ---------  --------  ----------  --------------  -------------------  ----------------------
/opt/airflow/dags/dag.py                           1           0  0.21s           2025-03-19T20:25:48                      12
================================================================================
[2025-03-19T20:26:48.173+0000] {manager.py:997} INFO - 
================================================================================
DAG File Processing Stats

File Path                 PID    Runtime      # DAGs    # Errors  Last Runtime    Last Run               Last # of DB Queries
------------------------  -----  ---------  --------  ----------  --------------  -------------------  ----------------------
/opt/airflow/dags/dag.py                           1           0  0.21s           2025-03-19T20:26:19                      12
================================================================================
[2025-03-19T20:27:18.638+0000] {manager.py:997} INFO - 
================================================================================
DAG File Processing Stats

File Path                 PID    Runtime      # DAGs    # Errors  Last Runtime    Last Run               Last # of DB Queries
------------------------  -----  ---------  --------  ----------  --------------  -------------------  ----------------------
/opt/airflow/dags/dag.py                           1           0  0.21s           2025-03-19T20:26:49                      12
================================================================================
[2025-03-19T20:27:48.974+0000] {manager.py:997} INFO - 
================================================================================
DAG File Processing Stats

File Path                 PID    Runtime      # DAGs    # Errors  Last Runtime    Last Run               Last # of DB Queries
------------------------  -----  ---------  --------  ----------  --------------  -------------------  ----------------------
/opt/airflow/dags/dag.py                           1           0  0.22s           2025-03-19T20:27:19                      12
================================================================================
[2025-03-19T20:28:19.286+0000] {manager.py:997} INFO - 
================================================================================
DAG File Processing Stats

File Path                 PID    Runtime      # DAGs    # Errors  Last Runtime    Last Run               Last # of DB Queries
------------------------  -----  ---------  --------  ----------  --------------  -------------------  ----------------------
/opt/airflow/dags/dag.py                           1           0  0.15s           2025-03-19T20:27:50                      12
================================================================================
[2025-03-19T20:28:49.687+0000] {manager.py:997} INFO - 
================================================================================
DAG File Processing Stats

File Path                 PID    Runtime      # DAGs    # Errors  Last Runtime    Last Run               Last # of DB Queries
------------------------  -----  ---------  --------  ----------  --------------  -------------------  ----------------------
/opt/airflow/dags/dag.py                           1           0  0.18s           2025-03-19T20:28:20                      12
================================================================================
[2025-03-19T20:28:50.695+0000] {manager.py:821} INFO - Searching for files in /opt/airflow/dags
[2025-03-19T20:28:50.721+0000] {manager.py:824} INFO - There are 1 files in /opt/airflow/dags
[2025-03-19T20:29:20.061+0000] {manager.py:997} INFO - 
================================================================================
DAG File Processing Stats

File Path                 PID    Runtime      # DAGs    # Errors  Last Runtime    Last Run               Last # of DB Queries
------------------------  -----  ---------  --------  ----------  --------------  -------------------  ----------------------
/opt/airflow/dags/dag.py                           1           0  0.22s           2025-03-19T20:28:50                      12
================================================================================
[2025-03-19T20:29:50.497+0000] {manager.py:997} INFO - 
================================================================================
DAG File Processing Stats

File Path                 PID    Runtime      # DAGs    # Errors  Last Runtime    Last Run               Last # of DB Queries
------------------------  -----  ---------  --------  ----------  --------------  -------------------  ----------------------
/opt/airflow/dags/dag.py                           1           0  0.19s           2025-03-19T20:29:21                      12
================================================================================
[2025-03-19T20:30:03.596+0000] {manager.py:465} INFO - Exiting gracefully upon receiving signal 15
